<?xml version="1.0" encoding="UTF-8"?>
<testsuites name="jest tests" tests="1760" failures="0" errors="0" time="5.548">
  <testsuite name="集成测试：寄养订单主链路" errors="0" failures="0" skipped="0" timestamp="2026-06-06T05:37:34" time="0.928" tests="4">
    <testcase classname="集成测试：寄养订单主链路 下单 → 计算价格 → 支付下单 → 状态推进 → 完成 全流程" name="集成测试：寄养订单主链路 下单 → 计算价格 → 支付下单 → 状态推进 → 完成 全流程" time="0.017">
    </testcase>
    <testcase classname="集成测试：寄养订单主链路 订单取消路径：pending → cancelled 正常" name="集成测试：寄养订单主链路 订单取消路径：pending → cancelled 正常" time="0">
    </testcase>
    <testcase classname="集成测试：寄养订单主链路 日期冲突：第二次下单应识别出与已确认订单的冲突" name="集成测试：寄养订单主链路 日期冲突：第二次下单应识别出与已确认订单的冲突" time="0.001">
    </testcase>
    <testcase classname="集成测试：寄养订单主链路 支付状态机：不合法转移应被拒绝" name="集成测试：寄养订单主链路 支付状态机：不合法转移应被拒绝" time="0">
    </testcase>
  </testsuite>
  <testsuite name="codemod-add-err-import" errors="0" failures="0" skipped="0" timestamp="2026-06-06T05:37:34" time="1.095" tests="5">
    <testcase classname="codemod-add-err-import 无 err 调用的文件不应被修改" name="codemod-add-err-import 无 err 调用的文件不应被修改" time="0.112">
    </testcase>
    <testcase classname="codemod-add-err-import 已正确导入 err 的文件不应被修改" name="codemod-add-err-import 已正确导入 err 的文件不应被修改" time="0.099">
    </testcase>
    <testcase classname="codemod-add-err-import 缺少 import 时补 const { err } = require(...common/errors...)" name="codemod-add-err-import 缺少 import 时补 const { err } = require(...common/errors...)" time="0.149">
    </testcase>
    <testcase classname="codemod-add-err-import 已 require errors 但没 import err 时注入到解构中" name="codemod-add-err-import 已 require errors 但没 import err 时注入到解构中" time="0.113">
    </testcase>
    <testcase classname="codemod-add-err-import adminService/services 子目录应使用 ../common/errors 相对路径" name="codemod-add-err-import adminService/services 子目录应使用 ../common/errors 相对路径" time="0.094">
    </testcase>
  </testsuite>
  <testsuite name="auth-middleware verifyAuth" errors="0" failures="0" skipped="0" timestamp="2026-06-06T05:37:35" time="0.057" tests="8">
    <testcase classname="auth-middleware verifyAuth 未登录时应抛出 AUTH_REQUIRED 业务错误" name="auth-middleware verifyAuth 未登录时应抛出 AUTH_REQUIRED 业务错误" time="0.008">
    </testcase>
    <testcase classname="auth-middleware verifyAuth 已登录时（非管理员）应返回 openid" name="auth-middleware verifyAuth 已登录时（非管理员）应返回 openid" time="0.001">
    </testcase>
    <testcase classname="auth-middleware verifyAuth 未登录 + permission → 抛 AUTH_REQUIRED" name="auth-middleware verifyAuth 未登录 + permission → 抛 AUTH_REQUIRED" time="0.001">
    </testcase>
    <testcase classname="auth-middleware verifyAuth permission 非空但 admins 集合无记录 → 抛 PARTNER_REQUIRED" name="auth-middleware verifyAuth permission 非空但 admins 集合无记录 → 抛 PARTNER_REQUIRED" time="0.001">
    </testcase>
    <testcase classname="auth-middleware verifyAuth admin.status !== active → 抛 PARTNER_REQUIRED" name="auth-middleware verifyAuth admin.status !== active → 抛 PARTNER_REQUIRED" time="0.001">
    </testcase>
    <testcase classname="auth-middleware verifyAuth admin 缺 isPartner 字段 → 抛 PARTNER_REQUIRED" name="auth-middleware verifyAuth admin 缺 isPartner 字段 → 抛 PARTNER_REQUIRED" time="0.001">
    </testcase>
    <testcase classname="auth-middleware verifyAuth admins 集合查询异常 → 兜底为无 admin 记录" name="auth-middleware verifyAuth admins 集合查询异常 → 兜底为无 admin 记录" time="0">
    </testcase>
    <testcase classname="auth-middleware verifyAuth status=active &amp;&amp; isPartner=true → 返回 partner 信息" name="auth-middleware verifyAuth status=active &amp;&amp; isPartner=true → 返回 partner 信息" time="0.005">
    </testcase>
  </testsuite>
  <testsuite name="Sprint 16: i18n 字典 CDN 化" errors="0" failures="0" skipped="0" timestamp="2026-06-06T05:37:35" time="0.246" tests="52">
    <testcase classname="Sprint 16: i18n 字典 CDN 化 build:i18n 脚本 + 产物 build:i18n.js 脚本存在" name="Sprint 16: i18n 字典 CDN 化 build:i18n 脚本 + 产物 build:i18n.js 脚本存在" time="0.001">
    </testcase>
    <testcase classname="Sprint 16: i18n 字典 CDN 化 build:i18n 脚本 + 产物 dist/i18n/ 输出目录存在" name="Sprint 16: i18n 字典 CDN 化 build:i18n 脚本 + 产物 dist/i18n/ 输出目录存在" time="0">
    </testcase>
    <testcase classname="Sprint 16: i18n 字典 CDN 化 build:i18n 脚本 + 产物 types/ 输出目录存在" name="Sprint 16: i18n 字典 CDN 化 build:i18n 脚本 + 产物 types/ 输出目录存在" time="0">
    </testcase>
    <testcase classname="Sprint 16: i18n 字典 CDN 化 build:i18n 脚本 + 产物 生成 errors.zh-CN.json" name="Sprint 16: i18n 字典 CDN 化 build:i18n 脚本 + 产物 生成 errors.zh-CN.json" time="0">
    </testcase>
    <testcase classname="Sprint 16: i18n 字典 CDN 化 build:i18n 脚本 + 产物 生成 errors.en-US.json" name="Sprint 16: i18n 字典 CDN 化 build:i18n 脚本 + 产物 生成 errors.en-US.json" time="0">
    </testcase>
    <testcase classname="Sprint 16: i18n 字典 CDN 化 build:i18n 脚本 + 产物 生成 errors.ja-JP.json" name="Sprint 16: i18n 字典 CDN 化 build:i18n 脚本 + 产物 生成 errors.ja-JP.json" time="0">
    </testcase>
    <testcase classname="Sprint 16: i18n 字典 CDN 化 build:i18n 脚本 + 产物 生成 errors.all.json" name="Sprint 16: i18n 字典 CDN 化 build:i18n 脚本 + 产物 生成 errors.all.json" time="0.001">
    </testcase>
    <testcase classname="Sprint 16: i18n 字典 CDN 化 build:i18n 脚本 + 产物 生成 biz.zh-CN/en-US/ja-JP.json 各一份" name="Sprint 16: i18n 字典 CDN 化 build:i18n 脚本 + 产物 生成 biz.zh-CN/en-US/ja-JP.json 各一份" time="0">
    </testcase>
    <testcase classname="Sprint 16: i18n 字典 CDN 化 build:i18n 脚本 + 产物 生成 merged.zh-CN/en-US/ja-JP.json 各一份" name="Sprint 16: i18n 字典 CDN 化 build:i18n 脚本 + 产物 生成 merged.zh-CN/en-US/ja-JP.json 各一份" time="0">
    </testcase>
    <testcase classname="Sprint 16: i18n 字典 CDN 化 build:i18n 脚本 + 产物 生成 manifest.json" name="Sprint 16: i18n 字典 CDN 化 build:i18n 脚本 + 产物 生成 manifest.json" time="0">
    </testcase>
    <testcase classname="Sprint 16: i18n 字典 CDN 化 build:i18n 脚本 + 产物 生成 types/i18n-cdn.d.ts" name="Sprint 16: i18n 字典 CDN 化 build:i18n 脚本 + 产物 生成 types/i18n-cdn.d.ts" time="0">
    </testcase>
    <testcase classname="Sprint 16: i18n 字典 CDN 化 errors.{locale}.json 内容 zh-CN 含核心 code" name="Sprint 16: i18n 字典 CDN 化 errors.{locale}.json 内容 zh-CN 含核心 code" time="0">
    </testcase>
    <testcase classname="Sprint 16: i18n 字典 CDN 化 errors.{locale}.json 内容 en-US 含核心 code（英文）" name="Sprint 16: i18n 字典 CDN 化 errors.{locale}.json 内容 en-US 含核心 code（英文）" time="0.001">
    </testcase>
    <testcase classname="Sprint 16: i18n 字典 CDN 化 errors.{locale}.json 内容 ja-JP 含核心 code（日文）" name="Sprint 16: i18n 字典 CDN 化 errors.{locale}.json 内容 ja-JP 含核心 code（日文）" time="0">
    </testcase>
    <testcase classname="Sprint 16: i18n 字典 CDN 化 errors.{locale}.json 内容 三个 locale 的 code 数与云端字典一致" name="Sprint 16: i18n 字典 CDN 化 errors.{locale}.json 内容 三个 locale 的 code 数与云端字典一致" time="0">
    </testcase>
    <testcase classname="Sprint 16: i18n 字典 CDN 化 errors.{locale}.json 内容 每个 code 在三个 locale 都有非空翻译" name="Sprint 16: i18n 字典 CDN 化 errors.{locale}.json 内容 每个 code 在三个 locale 都有非空翻译" time="0.018">
    </testcase>
    <testcase classname="Sprint 16: i18n 字典 CDN 化 merged.{locale}.json 合并字典 merged.zh-CN 含错误码 + 业务文案" name="Sprint 16: i18n 字典 CDN 化 merged.{locale}.json 合并字典 merged.zh-CN 含错误码 + 业务文案" time="0.002">
    </testcase>
    <testcase classname="Sprint 16: i18n 字典 CDN 化 merged.{locale}.json 合并字典 merged.en-US 含错误码 + 业务文案" name="Sprint 16: i18n 字典 CDN 化 merged.{locale}.json 合并字典 merged.en-US 含错误码 + 业务文案" time="0">
    </testcase>
    <testcase classname="Sprint 16: i18n 字典 CDN 化 merged.{locale}.json 合并字典 merged.ja-JP 含错误码 + 业务文案" name="Sprint 16: i18n 字典 CDN 化 merged.{locale}.json 合并字典 merged.ja-JP 含错误码 + 业务文案" time="0.001">
    </testcase>
    <testcase classname="Sprint 16: i18n 字典 CDN 化 merged.{locale}.json 合并字典 merged entry 数 = 错误码数 + 业务文案数（去重后）" name="Sprint 16: i18n 字典 CDN 化 merged.{locale}.json 合并字典 merged entry 数 = 错误码数 + 业务文案数（去重后）" time="0">
    </testcase>
    <testcase classname="Sprint 16: i18n 字典 CDN 化 manifest.json 含 version 字段（8 位日期）" name="Sprint 16: i18n 字典 CDN 化 manifest.json 含 version 字段（8 位日期）" time="0.001">
    </testcase>
    <testcase classname="Sprint 16: i18n 字典 CDN 化 manifest.json 含 generatedAt 字段（ISO 8601）" name="Sprint 16: i18n 字典 CDN 化 manifest.json 含 generatedAt 字段（ISO 8601）" time="0">
    </testcase>
    <testcase classname="Sprint 16: i18n 字典 CDN 化 manifest.json locales 数组含 3 个语言" name="Sprint 16: i18n 字典 CDN 化 manifest.json locales 数组含 3 个语言" time="0">
    </testcase>
    <testcase classname="Sprint 16: i18n 字典 CDN 化 manifest.json codeCount 与 bizCount 正确" name="Sprint 16: i18n 字典 CDN 化 manifest.json codeCount 与 bizCount 正确" time="0">
    </testcase>
    <testcase classname="Sprint 16: i18n 字典 CDN 化 manifest.json files 字段列出所有 JSON" name="Sprint 16: i18n 字典 CDN 化 manifest.json files 字段列出所有 JSON" time="0">
    </testcase>
    <testcase classname="Sprint 16: i18n 字典 CDN 化 types/i18n-cdn.d.ts 声明 I18nLocale 类型" name="Sprint 16: i18n 字典 CDN 化 types/i18n-cdn.d.ts 声明 I18nLocale 类型" time="0">
    </testcase>
    <testcase classname="Sprint 16: i18n 字典 CDN 化 types/i18n-cdn.d.ts I18nLocale 含 3 个 locale 字符串字面量" name="Sprint 16: i18n 字典 CDN 化 types/i18n-cdn.d.ts I18nLocale 含 3 个 locale 字符串字面量" time="0">
    </testcase>
    <testcase classname="Sprint 16: i18n 字典 CDN 化 types/i18n-cdn.d.ts 声明 I18nManifest 接口" name="Sprint 16: i18n 字典 CDN 化 types/i18n-cdn.d.ts 声明 I18nManifest 接口" time="0">
    </testcase>
    <testcase classname="Sprint 16: i18n 字典 CDN 化 types/i18n-cdn.d.ts 声明 fetchI18nDictionary 函数" name="Sprint 16: i18n 字典 CDN 化 types/i18n-cdn.d.ts 声明 fetchI18nDictionary 函数" time="0">
    </testcase>
    <testcase classname="Sprint 16: i18n 字典 CDN 化 types/i18n-cdn.d.ts 头部含生成注释" name="Sprint 16: i18n 字典 CDN 化 types/i18n-cdn.d.ts 头部含生成注释" time="0">
    </testcase>
    <testcase classname="Sprint 16: i18n 字典 CDN 化 errors.all.json 全量字典 含 locales 数组" name="Sprint 16: i18n 字典 CDN 化 errors.all.json 全量字典 含 locales 数组" time="0">
    </testcase>
    <testcase classname="Sprint 16: i18n 字典 CDN 化 errors.all.json 全量字典 codes 字段含完整 DEFAULT_I18N" name="Sprint 16: i18n 字典 CDN 化 errors.all.json 全量字典 codes 字段含完整 DEFAULT_I18N" time="0">
    </testcase>
    <testcase classname="Sprint 16: i18n 字典 CDN 化 errors.all.json 全量字典 groups 字段含完整 ERROR_CODE_GROUPS" name="Sprint 16: i18n 字典 CDN 化 errors.all.json 全量字典 groups 字段含完整 ERROR_CODE_GROUPS" time="0">
    </testcase>
    <testcase classname="Sprint 16: i18n 字典 CDN 化 JSON 体积（紧凑格式验证） merged.zh-CN.json 体积 &lt; 14KB" name="Sprint 16: i18n 字典 CDN 化 JSON 体积（紧凑格式验证） merged.zh-CN.json 体积 &lt; 14KB" time="0.001">
    </testcase>
    <testcase classname="Sprint 16: i18n 字典 CDN 化 JSON 体积（紧凑格式验证） merged.en-US.json 体积 &lt; 28KB" name="Sprint 16: i18n 字典 CDN 化 JSON 体积（紧凑格式验证） merged.en-US.json 体积 &lt; 28KB" time="0">
    </testcase>
    <testcase classname="Sprint 16: i18n 字典 CDN 化 JSON 体积（紧凑格式验证） merged.ja-JP.json 体积 &lt; 32KB（日文较长）" name="Sprint 16: i18n 字典 CDN 化 JSON 体积（紧凑格式验证） merged.ja-JP.json 体积 &lt; 32KB（日文较长）" time="0">
    </testcase>
    <testcase classname="Sprint 16: i18n 字典 CDN 化 JSON 体积（紧凑格式验证） JSON 无多余空白（紧凑）" name="Sprint 16: i18n 字典 CDN 化 JSON 体积（紧凑格式验证） JSON 无多余空白（紧凑）" time="0">
    </testcase>
    <testcase classname="Sprint 16: loadFromCdn 行为 loadFromCdn 暴露为公共 API" name="Sprint 16: loadFromCdn 行为 loadFromCdn 暴露为公共 API" time="0.001">
    </testcase>
    <testcase classname="Sprint 16: loadFromCdn 行为 URL 模板替换 {{locale}}" name="Sprint 16: loadFromCdn 行为 URL 模板替换 {{locale}}" time="0">
    </testcase>
    <testcase classname="Sprint 16: loadFromCdn 行为 显式指定 locale 时不读 currentLocale" name="Sprint 16: loadFromCdn 行为 显式指定 locale 时不读 currentLocale" time="0">
    </testcase>
    <testcase classname="Sprint 16: loadFromCdn 行为 加载成功时将 CDN 字典注入 override" name="Sprint 16: loadFromCdn 行为 加载成功时将 CDN 字典注入 override" time="0">
    </testcase>
    <testcase classname="Sprint 16: loadFromCdn 行为 加载成功后其他 locale 不受影响" name="Sprint 16: loadFromCdn 行为 加载成功后其他 locale 不受影响" time="0.003">
    </testcase>
    <testcase classname="Sprint 16: loadFromCdn 行为 加载成功时持久化 URL 到 storage" name="Sprint 16: loadFromCdn 行为 加载成功时持久化 URL 到 storage" time="0.001">
    </testcase>
    <testcase classname="Sprint 16: loadFromCdn 行为 CDN 失败时不抛错，回落到内置字典" name="Sprint 16: loadFromCdn 行为 CDN 失败时不抛错，回落到内置字典" time="0.001">
    </testcase>
    <testcase classname="Sprint 16: loadFromCdn 行为 CDN 返回非对象时不抛错" name="Sprint 16: loadFromCdn 行为 CDN 返回非对象时不抛错" time="0">
    </testcase>
    <testcase classname="Sprint 16: loadFromCdn 行为 CDN 返回空对象时不抛错" name="Sprint 16: loadFromCdn 行为 CDN 返回空对象时不抛错" time="0">
    </testcase>
    <testcase classname="Sprint 16: loadFromCdn 行为 CDN 包含业务文案时一并覆盖" name="Sprint 16: loadFromCdn 行为 CDN 包含业务文案时一并覆盖" time="0.001">
    </testcase>
    <testcase classname="Sprint 16: loadFromCdn 行为 CDN 字典与默认字典可叠加（部分覆盖）" name="Sprint 16: loadFromCdn 行为 CDN 字典与默认字典可叠加（部分覆盖）" time="0.001">
    </testcase>
    <testcase classname="Sprint 16: loadFromCdn 行为 loadFromCdn 返回的 url 是替换后的真实 URL" name="Sprint 16: loadFromCdn 行为 loadFromCdn 返回的 url 是替换后的真实 URL" time="0">
    </testcase>
    <testcase classname="Sprint 16: loadFromCdn 行为 URL 不带 {{locale}} 占位时直接使用" name="Sprint 16: loadFromCdn 行为 URL 不带 {{locale}} 占位时直接使用" time="0.001">
    </testcase>
    <testcase classname="Sprint 16: loadFromCdn 行为 空 URL 模板时立即返回错误（不调用 wx.request）" name="Sprint 16: loadFromCdn 行为 空 URL 模板时立即返回错误（不调用 wx.request）" time="0">
    </testcase>
    <testcase classname="Sprint 16: loadFromCdn 行为 无 wx 环境时立即返回 no_wx（不抛错）" name="Sprint 16: loadFromCdn 行为 无 wx 环境时立即返回 no_wx（不抛错）" time="0">
    </testcase>
  </testsuite>
  <testsuite name="Sprint 15: 错误码 i18n 字典" errors="0" failures="0" skipped="0" timestamp="2026-06-06T05:37:35" time="0.116" tests="31">
    <testcase classname="Sprint 15: 错误码 i18n 字典 源文件 / 产物 errors-i18n.ts 源文件存在" name="Sprint 15: 错误码 i18n 字典 源文件 / 产物 errors-i18n.ts 源文件存在" time="0">
    </testcase>
    <testcase classname="Sprint 15: 错误码 i18n 字典 源文件 / 产物 errors-i18n.js 编译产物存在" name="Sprint 15: 错误码 i18n 字典 源文件 / 产物 errors-i18n.js 编译产物存在" time="0">
    </testcase>
    <testcase classname="Sprint 15: 错误码 i18n 字典 源文件 / 产物 产物导出公共 API" name="Sprint 15: 错误码 i18n 字典 源文件 / 产物 产物导出公共 API" time="0">
    </testcase>
    <testcase classname="Sprint 15: 错误码 i18n 字典 DEFAULT_I18N 字典内容 覆盖核心错误码（≥ 30 个）" name="Sprint 15: 错误码 i18n 字典 DEFAULT_I18N 字典内容 覆盖核心错误码（≥ 30 个）" time="0.001">
    </testcase>
    <testcase classname="Sprint 15: 错误码 i18n 字典 DEFAULT_I18N 字典内容 每个 code 至少含 zh-CN 文案" name="Sprint 15: 错误码 i18n 字典 DEFAULT_I18N 字典内容 每个 code 至少含 zh-CN 文案" time="0.018">
    </testcase>
    <testcase classname="Sprint 15: 错误码 i18n 字典 DEFAULT_I18N 字典内容 每个 code 含 en-US 文案（英文）" name="Sprint 15: 错误码 i18n 字典 DEFAULT_I18N 字典内容 每个 code 含 en-US 文案（英文）" time="0.001">
    </testcase>
    <testcase classname="Sprint 15: 错误码 i18n 字典 DEFAULT_I18N 字典内容 每个 code 含 ja-JP 文案（日文）" name="Sprint 15: 错误码 i18n 字典 DEFAULT_I18N 字典内容 每个 code 含 ja-JP 文案（日文）" time="0">
    </testcase>
    <testcase classname="Sprint 15: 错误码 i18n 字典 DEFAULT_I18N 字典内容 含 Sprint 14 新增的 3 个风控码" name="Sprint 15: 错误码 i18n 字典 DEFAULT_I18N 字典内容 含 Sprint 14 新增的 3 个风控码" time="0.001">
    </testcase>
    <testcase classname="Sprint 15: 错误码 i18n 字典 resolveI18nMessage 行为 zh-CN 默认 locale" name="Sprint 15: 错误码 i18n 字典 resolveI18nMessage 行为 zh-CN 默认 locale" time="0">
    </testcase>
    <testcase classname="Sprint 15: 错误码 i18n 字典 resolveI18nMessage 行为 en-US locale" name="Sprint 15: 错误码 i18n 字典 resolveI18nMessage 行为 en-US locale" time="0">
    </testcase>
    <testcase classname="Sprint 15: 错误码 i18n 字典 resolveI18nMessage 行为 ja-JP locale" name="Sprint 15: 错误码 i18n 字典 resolveI18nMessage 行为 ja-JP locale" time="0">
    </testcase>
    <testcase classname="Sprint 15: 错误码 i18n 字典 resolveI18nMessage 行为 缺省参数默认 zh-CN" name="Sprint 15: 错误码 i18n 字典 resolveI18nMessage 行为 缺省参数默认 zh-CN" time="0">
    </testcase>
    <testcase classname="Sprint 15: 错误码 i18n 字典 resolveI18nMessage 行为 customOverrides 优先级最高" name="Sprint 15: 错误码 i18n 字典 resolveI18nMessage 行为 customOverrides 优先级最高" time="0.001">
    </testcase>
    <testcase classname="Sprint 15: 错误码 i18n 字典 resolveI18nMessage 行为 未知 code 返回 code 字面量" name="Sprint 15: 错误码 i18n 字典 resolveI18nMessage 行为 未知 code 返回 code 字面量" time="0">
    </testcase>
    <testcase classname="Sprint 15: 错误码 i18n 字典 resolveI18nMessage 行为 缺翻译降级到 zh-CN" name="Sprint 15: 错误码 i18n 字典 resolveI18nMessage 行为 缺翻译降级到 zh-CN" time="0">
    </testcase>
    <testcase classname="Sprint 15: 错误码 i18n 字典 ERROR_CODE_GROUPS 分组 AUTH_REQUIRED → auth" name="Sprint 15: 错误码 i18n 字典 ERROR_CODE_GROUPS 分组 AUTH_REQUIRED → auth" time="0.001">
    </testcase>
    <testcase classname="Sprint 15: 错误码 i18n 字典 ERROR_CODE_GROUPS 分组 ORDER_NOT_FOUND → not_found" name="Sprint 15: 错误码 i18n 字典 ERROR_CODE_GROUPS 分组 ORDER_NOT_FOUND → not_found" time="0">
    </testcase>
    <testcase classname="Sprint 15: 错误码 i18n 字典 ERROR_CODE_GROUPS 分组 RISK_* → risk" name="Sprint 15: 错误码 i18n 字典 ERROR_CODE_GROUPS 分组 RISK_* → risk" time="0">
    </testcase>
    <testcase classname="Sprint 15: 错误码 i18n 字典 ERROR_CODE_GROUPS 分组 INTERNAL_ERROR → system" name="Sprint 15: 错误码 i18n 字典 ERROR_CODE_GROUPS 分组 INTERNAL_ERROR → system" time="0">
    </testcase>
    <testcase classname="Sprint 15: 错误码 i18n 字典 ERROR_CODE_GROUPS 分组 分组数与 code 数一致（无遗漏）" name="Sprint 15: 错误码 i18n 字典 ERROR_CODE_GROUPS 分组 分组数与 code 数一致（无遗漏）" time="0">
    </testcase>
    <testcase classname="Sprint 15: 错误码 i18n 字典 getCodesByGroup auth 组含 AUTH_REQUIRED / TOKEN_EXPIRED 等" name="Sprint 15: 错误码 i18n 字典 getCodesByGroup auth 组含 AUTH_REQUIRED / TOKEN_EXPIRED 等" time="0.001">
    </testcase>
    <testcase classname="Sprint 15: 错误码 i18n 字典 getCodesByGroup risk 组含 RISK_* 三档" name="Sprint 15: 错误码 i18n 字典 getCodesByGroup risk 组含 RISK_* 三档" time="0">
    </testcase>
    <testcase classname="Sprint 15: 错误码 i18n 字典 getCodesByGroup 空组返回空数组" name="Sprint 15: 错误码 i18n 字典 getCodesByGroup 空组返回空数组" time="0">
    </testcase>
    <testcase classname="Sprint 15: 错误码 i18n 字典 exportLocaleDictionary 批量导出 zh-CN 批量导出键值对" name="Sprint 15: 错误码 i18n 字典 exportLocaleDictionary 批量导出 zh-CN 批量导出键值对" time="0.001">
    </testcase>
    <testcase classname="Sprint 15: 错误码 i18n 字典 exportLocaleDictionary 批量导出 en-US 批量导出键值对" name="Sprint 15: 错误码 i18n 字典 exportLocaleDictionary 批量导出 en-US 批量导出键值对" time="0">
    </testcase>
    <testcase classname="Sprint 15: 错误码 i18n 字典 exportLocaleDictionary 批量导出 ja-JP 批量导出键值对" name="Sprint 15: 错误码 i18n 字典 exportLocaleDictionary 批量导出 ja-JP 批量导出键值对" time="0">
    </testcase>
    <testcase classname="Sprint 15: 错误码 i18n 字典 exportLocaleDictionary 批量导出 导出键数 = DEFAULT_I18N 键数" name="Sprint 15: 错误码 i18n 字典 exportLocaleDictionary 批量导出 导出键数 = DEFAULT_I18N 键数" time="0">
    </testcase>
    <testcase classname="Sprint 15: 错误码 i18n 字典 exportLocaleDictionary 批量导出 customOverrides 同样作用于批量导出" name="Sprint 15: 错误码 i18n 字典 exportLocaleDictionary 批量导出 customOverrides 同样作用于批量导出" time="0">
    </testcase>
    <testcase classname="Sprint 15: 错误码 i18n 字典 类型安全（.ts 源码层面） 导出 Locale 类型" name="Sprint 15: 错误码 i18n 字典 类型安全（.ts 源码层面） 导出 Locale 类型" time="0.001">
    </testcase>
    <testcase classname="Sprint 15: 错误码 i18n 字典 类型安全（.ts 源码层面） 导出 I18nDictionary 类型" name="Sprint 15: 错误码 i18n 字典 类型安全（.ts 源码层面） 导出 I18nDictionary 类型" time="0">
    </testcase>
    <testcase classname="Sprint 15: 错误码 i18n 字典 类型安全（.ts 源码层面） 导出 ErrorGroup 类型" name="Sprint 15: 错误码 i18n 字典 类型安全（.ts 源码层面） 导出 ErrorGroup 类型" time="0">
    </testcase>
  </testsuite>
  <testsuite name="date-range.js" errors="0" failures="0" skipped="0" timestamp="2026-06-06T05:37:35" time="0.153" tests="28">
    <testcase classname="date-range.js RANGE_TYPES 应列出所有支持的 range" name="date-range.js RANGE_TYPES 应列出所有支持的 range" time="0.002">
    </testcase>
    <testcase classname="date-range.js startOfDay / endOfDay startOfDay 应归零时分秒" name="date-range.js startOfDay / endOfDay startOfDay 应归零时分秒" time="0.001">
    </testcase>
    <testcase classname="date-range.js startOfDay / endOfDay endOfDay 应设为 23:59:59.999" name="date-range.js startOfDay / endOfDay endOfDay 应设为 23:59:59.999" time="0.001">
    </testcase>
    <testcase classname="date-range.js startOfWeek（中国习惯，周一为一周第一天） 周三应返回本周一" name="date-range.js startOfWeek（中国习惯，周一为一周第一天） 周三应返回本周一" time="0.001">
    </testcase>
    <testcase classname="date-range.js startOfWeek（中国习惯，周一为一周第一天） 周日应返回上周一（向前 6 天）" name="date-range.js startOfWeek（中国习惯，周一为一周第一天） 周日应返回上周一（向前 6 天）" time="0">
    </testcase>
    <testcase classname="date-range.js startOfMonth / startOfQuarter / startOfYear startOfMonth 应为当月 1 日" name="date-range.js startOfMonth / startOfQuarter / startOfYear startOfMonth 应为当月 1 日" time="0">
    </testcase>
    <testcase classname="date-range.js startOfMonth / startOfQuarter / startOfYear startOfQuarter 应回到季度首月 1 日" name="date-range.js startOfMonth / startOfQuarter / startOfYear startOfQuarter 应回到季度首月 1 日" time="0.001">
    </testcase>
    <testcase classname="date-range.js startOfMonth / startOfQuarter / startOfYear startOfYear 应回到 1 月 1 日" name="date-range.js startOfMonth / startOfQuarter / startOfYear startOfYear 应回到 1 月 1 日" time="0">
    </testcase>
    <testcase classname="date-range.js getDateRange all 应返回 null" name="date-range.js getDateRange all 应返回 null" time="0.001">
    </testcase>
    <testcase classname="date-range.js getDateRange today 跨度应为 1 天" name="date-range.js getDateRange today 跨度应为 1 天" time="0">
    </testcase>
    <testcase classname="date-range.js getDateRange yesterday 应是 [昨天 00:00, 今天 00:00)" name="date-range.js getDateRange yesterday 应是 [昨天 00:00, 今天 00:00)" time="0">
    </testcase>
    <testcase classname="date-range.js getDateRange week 应为 [本周一, 下周一)" name="date-range.js getDateRange week 应为 [本周一, 下周一)" time="0">
    </testcase>
    <testcase classname="date-range.js getDateRange month 应为 [本月 1 日, 下月 1 日)" name="date-range.js getDateRange month 应为 [本月 1 日, 下月 1 日)" time="0.001">
    </testcase>
    <testcase classname="date-range.js getDateRange last7 跨度应为 7 天" name="date-range.js getDateRange last7 跨度应为 7 天" time="0">
    </testcase>
    <testcase classname="date-range.js getDateRange last30 跨度应为 30 天" name="date-range.js getDateRange last30 跨度应为 30 天" time="0">
    </testcase>
    <testcase classname="date-range.js getDateRange quarter 跨度应为 3 个月" name="date-range.js getDateRange quarter 跨度应为 3 个月" time="0">
    </testcase>
    <testcase classname="date-range.js getDateRange year 跨度应为 1 年" name="date-range.js getDateRange year 跨度应为 1 年" time="0">
    </testcase>
    <testcase classname="date-range.js getDateRange 未知 range 应抛错" name="date-range.js getDateRange 未知 range 应抛错" time="0.018">
    </testcase>
    <testcase classname="date-range.js buildRangeQuery all 应返回 null" name="date-range.js buildRangeQuery all 应返回 null" time="0">
    </testcase>
    <testcase classname="date-range.js buildRangeQuery 应返回包含 _field / _gte / _lt 的描述符" name="date-range.js buildRangeQuery 应返回包含 _field / _gte / _lt 的描述符" time="0.001">
    </testcase>
    <testcase classname="date-range.js diffDays 应正确计算天差" name="date-range.js diffDays 应正确计算天差" time="0">
    </testcase>
    <testcase classname="date-range.js diffDays 同日应为 0" name="date-range.js diffDays 同日应为 0" time="0">
    </testcase>
    <testcase classname="date-range.js diffDays 应接受字符串（YYYY-MM-DD）" name="date-range.js diffDays 应接受字符串（YYYY-MM-DD）" time="0">
    </testcase>
    <testcase classname="date-range.js diffDays 应接受 ISO 字符串" name="date-range.js diffDays 应接受 ISO 字符串" time="0.001">
    </testcase>
    <testcase classname="date-range.js diffDays 无效日期应抛错" name="date-range.js diffDays 无效日期应抛错" time="0.001">
    </testcase>
    <testcase classname="date-range.js formatDate 应输出 YYYY-MM-DD" name="date-range.js formatDate 应输出 YYYY-MM-DD" time="0">
    </testcase>
    <testcase classname="date-range.js lastNDates 应返回 N 个日期（按时间正序）" name="date-range.js lastNDates 应返回 N 个日期（按时间正序）" time="0">
    </testcase>
    <testcase classname="date-range.js lastNDates 天数错误应抛错" name="date-range.js lastNDates 天数错误应抛错" time="0.001">
    </testcase>
  </testsuite>
  <testsuite name="Sprint 21: rate-limit-store 全局限流存储" errors="0" failures="0" skipped="0" timestamp="2026-06-06T05:37:35" time="0.102" tests="29">
    <testcase classname="Sprint 21: rate-limit-store 全局限流存储 文件存在性 .ts 源文件存在" name="Sprint 21: rate-limit-store 全局限流存储 文件存在性 .ts 源文件存在" time="0.001">
    </testcase>
    <testcase classname="Sprint 21: rate-limit-store 全局限流存储 文件存在性 .js 编译产物存在" name="Sprint 21: rate-limit-store 全局限流存储 文件存在性 .js 编译产物存在" time="0">
    </testcase>
    <testcase classname="Sprint 21: rate-limit-store 全局限流存储 文件存在性 .d.ts 声明文件存在" name="Sprint 21: rate-limit-store 全局限流存储 文件存在性 .d.ts 声明文件存在" time="0">
    </testcase>
    <testcase classname="Sprint 21: rate-limit-store 全局限流存储 TS 源码契约 导出 GlobalRateLimitRecord 接口" name="Sprint 21: rate-limit-store 全局限流存储 TS 源码契约 导出 GlobalRateLimitRecord 接口" time="0.001">
    </testcase>
    <testcase classname="Sprint 21: rate-limit-store 全局限流存储 TS 源码契约 导出 GlobalRateLimitInput 接口" name="Sprint 21: rate-limit-store 全局限流存储 TS 源码契约 导出 GlobalRateLimitInput 接口" time="0">
    </testcase>
    <testcase classname="Sprint 21: rate-limit-store 全局限流存储 TS 源码契约 导出 GlobalRateLimitResult 接口" name="Sprint 21: rate-limit-store 全局限流存储 TS 源码契约 导出 GlobalRateLimitResult 接口" time="0">
    </testcase>
    <testcase classname="Sprint 21: rate-limit-store 全局限流存储 TS 源码契约 导出 GlobalRateLimitStore 接口" name="Sprint 21: rate-limit-store 全局限流存储 TS 源码契约 导出 GlobalRateLimitStore 接口" time="0">
    </testcase>
    <testcase classname="Sprint 21: rate-limit-store 全局限流存储 TS 源码契约 导出 buildKey 函数" name="Sprint 21: rate-limit-store 全局限流存储 TS 源码契约 导出 buildKey 函数" time="0">
    </testcase>
    <testcase classname="Sprint 21: rate-limit-store 全局限流存储 TS 源码契约 导出 consumeGlobalRateLimit 函数" name="Sprint 21: rate-limit-store 全局限流存储 TS 源码契约 导出 consumeGlobalRateLimit 函数" time="0">
    </testcase>
    <testcase classname="Sprint 21: rate-limit-store 全局限流存储 TS 源码契约 导出 peekGlobalRateLimit 函数" name="Sprint 21: rate-limit-store 全局限流存储 TS 源码契约 导出 peekGlobalRateLimit 函数" time="0">
    </testcase>
    <testcase classname="Sprint 21: rate-limit-store 全局限流存储 TS 源码契约 导出 cleanupExpiredRateLimits 函数" name="Sprint 21: rate-limit-store 全局限流存储 TS 源码契约 导出 cleanupExpiredRateLimits 函数" time="0">
    </testcase>
    <testcase classname="Sprint 21: rate-limit-store 全局限流存储 buildKey 函数 global scope：g:userId|type" name="Sprint 21: rate-limit-store 全局限流存储 buildKey 函数 global scope：g:userId|type" time="0">
    </testcase>
    <testcase classname="Sprint 21: rate-limit-store 全局限流存储 buildKey 函数 target scope：t:userId|type|targetId" name="Sprint 21: rate-limit-store 全局限流存储 buildKey 函数 target scope：t:userId|type|targetId" time="0">
    </testcase>
    <testcase classname="Sprint 21: rate-limit-store 全局限流存储 buildKey 函数 target scope 无 targetId 退化为空串" name="Sprint 21: rate-limit-store 全局限流存储 buildKey 函数 target scope 无 targetId 退化为空串" time="0">
    </testcase>
    <testcase classname="Sprint 21: rate-limit-store 全局限流存储 consumeGlobalRateLimit 未配置 store 抛 INTERNAL_ERROR" name="Sprint 21: rate-limit-store 全局限流存储 consumeGlobalRateLimit 未配置 store 抛 INTERNAL_ERROR" time="0.001">
    </testcase>
    <testcase classname="Sprint 21: rate-limit-store 全局限流存储 consumeGlobalRateLimit 首次消费：allowed=true，count=1" name="Sprint 21: rate-limit-store 全局限流存储 consumeGlobalRateLimit 首次消费：allowed=true，count=1" time="0.002">
    </testcase>
    <testcase classname="Sprint 21: rate-limit-store 全局限流存储 consumeGlobalRateLimit 窗口内连续消费：count 累加" name="Sprint 21: rate-limit-store 全局限流存储 consumeGlobalRateLimit 窗口内连续消费：count 累加" time="0.002">
    </testcase>
    <testcase classname="Sprint 21: rate-limit-store 全局限流存储 consumeGlobalRateLimit 窗口内第 N+1 次：allowed=false" name="Sprint 21: rate-limit-store 全局限流存储 consumeGlobalRateLimit 窗口内第 N+1 次：allowed=false" time="0">
    </testcase>
    <testcase classname="Sprint 21: rate-limit-store 全局限流存储 consumeGlobalRateLimit 窗口过期后重新计数" name="Sprint 21: rate-limit-store 全局限流存储 consumeGlobalRateLimit 窗口过期后重新计数" time="0">
    </testcase>
    <testcase classname="Sprint 21: rate-limit-store 全局限流存储 consumeGlobalRateLimit target 维度：targetId 不同时互不影响" name="Sprint 21: rate-limit-store 全局限流存储 consumeGlobalRateLimit target 维度：targetId 不同时互不影响" time="0">
    </testcase>
    <testcase classname="Sprint 21: rate-limit-store 全局限流存储 consumeGlobalRateLimit 不同 user 互不影响" name="Sprint 21: rate-limit-store 全局限流存储 consumeGlobalRateLimit 不同 user 互不影响" time="0">
    </testcase>
    <testcase classname="Sprint 21: rate-limit-store 全局限流存储 peekGlobalRateLimit 无记录返回 null" name="Sprint 21: rate-limit-store 全局限流存储 peekGlobalRateLimit 无记录返回 null" time="0">
    </testcase>
    <testcase classname="Sprint 21: rate-limit-store 全局限流存储 peekGlobalRateLimit 有记录但未消费：返回当前 count" name="Sprint 21: rate-limit-store 全局限流存储 peekGlobalRateLimit 有记录但未消费：返回当前 count" time="0">
    </testcase>
    <testcase classname="Sprint 21: rate-limit-store 全局限流存储 peekGlobalRateLimit 窗口外返回 null" name="Sprint 21: rate-limit-store 全局限流存储 peekGlobalRateLimit 窗口外返回 null" time="0.001">
    </testcase>
    <testcase classname="Sprint 21: rate-limit-store 全局限流存储 cleanupExpiredRateLimits 清理 expireAt &lt; now 的记录" name="Sprint 21: rate-limit-store 全局限流存储 cleanupExpiredRateLimits 清理 expireAt &lt; now 的记录" time="0">
    </testcase>
    <testcase classname="Sprint 21: rate-limit-store 全局限流存储 cleanupExpiredRateLimits 未配置 store 返回 0" name="Sprint 21: rate-limit-store 全局限流存储 cleanupExpiredRateLimits 未配置 store 返回 0" time="0">
    </testcase>
    <testcase classname="Sprint 21: rate-limit-store 全局限流存储 getGlobalRateLimitStats 空 store 返回全 0" name="Sprint 21: rate-limit-store 全局限流存储 getGlobalRateLimitStats 空 store 返回全 0" time="0.001">
    </testcase>
    <testcase classname="Sprint 21: rate-limit-store 全局限流存储 getGlobalRateLimitStats 混合 global + target 记录统计正确" name="Sprint 21: rate-limit-store 全局限流存储 getGlobalRateLimitStats 混合 global + target 记录统计正确" time="0">
    </testcase>
    <testcase classname="Sprint 21: rate-limit-store 全局限流存储 与 risk-rate-limit.ts 集成 setGlobalRateLimitStore 后 withRateLimit 使用全局 store" name="Sprint 21: rate-limit-store 全局限流存储 与 risk-rate-limit.ts 集成 setGlobalRateLimitStore 后 withRateLimit 使用全局 store" time="0.005">
    </testcase>
  </testsuite>
  <testsuite name="paymentService/pay" errors="0" failures="0" skipped="0" timestamp="2026-06-06T05:37:35" time="0.102" tests="20">
    <testcase classname="paymentService/pay createPayment - 参数校验 缺少 type / orderId / amount 应抛 INVALID_PARAMS" name="paymentService/pay createPayment - 参数校验 缺少 type / orderId / amount 应抛 INVALID_PARAMS" time="0">
    </testcase>
    <testcase classname="paymentService/pay createPayment - 参数校验 amount &lt;= 0 应抛 INVALID_PARAMS" name="paymentService/pay createPayment - 参数校验 amount &lt;= 0 应抛 INVALID_PARAMS" time="0.001">
    </testcase>
    <testcase classname="paymentService/pay createPayment - 参数校验 未登录应抛 AUTH_REQUIRED" name="paymentService/pay createPayment - 参数校验 未登录应抛 AUTH_REQUIRED" time="0">
    </testcase>
    <testcase classname="paymentService/pay createPayment - 参数校验 不支持的 type 应抛 INVALID_PARAMS" name="paymentService/pay createPayment - 参数校验 不支持的 type 应抛 INVALID_PARAMS" time="0">
    </testcase>
    <testcase classname="paymentService/pay createPayment - 参数校验 订单不存在应抛 ORDER_NOT_FOUND" name="paymentService/pay createPayment - 参数校验 订单不存在应抛 ORDER_NOT_FOUND" time="0">
    </testcase>
    <testcase classname="paymentService/pay createPayment - 参数校验 订单已支付应抛 ORDER_ALREADY_PAID" name="paymentService/pay createPayment - 参数校验 订单已支付应抛 ORDER_ALREADY_PAID" time="0">
    </testcase>
    <testcase classname="paymentService/pay createPayment - 参数校验 金额不符应抛 PAYMENT_AMOUNT_MISMATCH" name="paymentService/pay createPayment - 参数校验 金额不符应抛 PAYMENT_AMOUNT_MISMATCH" time="0">
    </testcase>
    <testcase classname="paymentService/pay createPayment - 正常流程 成功创建支付单应返回 prepay 参数" name="paymentService/pay createPayment - 正常流程 成功创建支付单应返回 prepay 参数" time="0.007">
    </testcase>
    <testcase classname="paymentService/pay createPayment - 正常流程 未获取到 prepay_id 应抛 WECHAT_API_ERROR" name="paymentService/pay createPayment - 正常流程 未获取到 prepay_id 应抛 WECHAT_API_ERROR" time="0.004">
    </testcase>
    <testcase classname="paymentService/pay createPayment - 正常流程 微信支付 API 抛错应返回 handleError（不抛）" name="paymentService/pay createPayment - 正常流程 微信支付 API 抛错应返回 handleError（不抛）" time="0.002">
    </testcase>
    <testcase classname="paymentService/pay getOrderType (内部函数通过 outTradeNo 推断) 未知前缀应抛 INVALID_PARAMS" name="paymentService/pay getOrderType (内部函数通过 outTradeNo 推断) 未知前缀应抛 INVALID_PARAMS" time="0.001">
    </testcase>
    <testcase classname="paymentService/pay confirmPayment 未支付完成返回 paid=false" name="paymentService/pay confirmPayment 未支付完成返回 paid=false" time="0">
    </testcase>
    <testcase classname="paymentService/pay confirmPayment 合法转移 unpaid → paid 成功" name="paymentService/pay confirmPayment 合法转移 unpaid → paid 成功" time="0.027">
    </testcase>
    <testcase classname="paymentService/pay confirmPayment 已 paid 重复确认返回 alreadyConfirmed=true" name="paymentService/pay confirmPayment 已 paid 重复确认返回 alreadyConfirmed=true" time="0">
    </testcase>
    <testcase classname="paymentService/pay confirmPayment 状态机拒绝非法转移抛 STATE_INVALID" name="paymentService/pay confirmPayment 状态机拒绝非法转移抛 STATE_INVALID" time="0">
    </testcase>
    <testcase classname="paymentService/pay closePayment 缺少 outTradeNo 抛 INVALID_PARAMS" name="paymentService/pay closePayment 缺少 outTradeNo 抛 INVALID_PARAMS" time="0">
    </testcase>
    <testcase classname="paymentService/pay closePayment 正常关单返回成功" name="paymentService/pay closePayment 正常关单返回成功" time="0">
    </testcase>
    <testcase classname="paymentService/pay queryPayment 缺少 outTradeNo / transactionId 抛 INVALID_PARAMS" name="paymentService/pay queryPayment 缺少 outTradeNo / transactionId 抛 INVALID_PARAMS" time="0">
    </testcase>
    <testcase classname="paymentService/pay queryPayment 按 outTradeNo 查询成功" name="paymentService/pay queryPayment 按 outTradeNo 查询成功" time="0">
    </testcase>
    <testcase classname="paymentService/pay queryPayment 按 transactionId 查询时路径正确" name="paymentService/pay queryPayment 按 transactionId 查询时路径正确" time="0">
    </testcase>
  </testsuite>
  <testsuite name="hostService 加密迁移 v1(CBC) → v2(GCM)" errors="0" failures="0" skipped="0" timestamp="2026-06-06T05:37:34" time="1.506" tests="11">
    <testcase classname="hostService 加密迁移 v1(CBC) → v2(GCM) v2 GCM 加密/解密 加密结果以 gcm: 前缀开头" name="hostService 加密迁移 v1(CBC) → v2(GCM) v2 GCM 加密/解密 加密结果以 gcm: 前缀开头" time="0.154">
    </testcase>
    <testcase classname="hostService 加密迁移 v1(CBC) → v2(GCM) v2 GCM 加密/解密 加密后可解密回原文" name="hostService 加密迁移 v1(CBC) → v2(GCM) v2 GCM 加密/解密 加密后可解密回原文" time="0.136">
    </testcase>
    <testcase classname="hostService 加密迁移 v1(CBC) → v2(GCM) v2 GCM 加密/解密 同一明文两次加密结果不同（IV 随机）" name="hostService 加密迁移 v1(CBC) → v2(GCM) v2 GCM 加密/解密 同一明文两次加密结果不同（IV 随机）" time="0.053">
    </testcase>
    <testcase classname="hostService 加密迁移 v1(CBC) → v2(GCM) v2 GCM 加密/解密 明文相同密文不同时篡改后应解密失败" name="hostService 加密迁移 v1(CBC) → v2(GCM) v2 GCM 加密/解密 明文相同密文不同时篡改后应解密失败" time="0.114">
    </testcase>
    <testcase classname="hostService 加密迁移 v1(CBC) → v2(GCM) v2 GCM 加密/解密 空字符串应返回空" name="hostService 加密迁移 v1(CBC) → v2(GCM) v2 GCM 加密/解密 空字符串应返回空" time="0">
    </testcase>
    <testcase classname="hostService 加密迁移 v1(CBC) → v2(GCM) v1 CBC 兼容（迁移期解密） legacy_cbc: 前缀密文应能解密" name="hostService 加密迁移 v1(CBC) → v2(GCM) v1 CBC 兼容（迁移期解密） legacy_cbc: 前缀密文应能解密" time="0.333">
    </testcase>
    <testcase classname="hostService 加密迁移 v1(CBC) → v2(GCM) 双写模式（ENABLE_CBC_DUAL_WRITE） 未开启双写时仅返回 v2" name="hostService 加密迁移 v1(CBC) → v2(GCM) 双写模式（ENABLE_CBC_DUAL_WRITE） 未开启双写时仅返回 v2" time="0.084">
    </testcase>
    <testcase classname="hostService 加密迁移 v1(CBC) → v2(GCM) 双写模式（ENABLE_CBC_DUAL_WRITE） 开启双写时同时返回 v1 + v2" name="hostService 加密迁移 v1(CBC) → v2(GCM) 双写模式（ENABLE_CBC_DUAL_WRITE） 开启双写时同时返回 v1 + v2" time="0.07">
    </testcase>
    <testcase classname="hostService 加密迁移 v1(CBC) → v2(GCM) 密钥派生 缺少 ENCRYPT_KEY 应抛错" name="hostService 加密迁移 v1(CBC) → v2(GCM) 密钥派生 缺少 ENCRYPT_KEY 应抛错" time="0.001">
    </testcase>
    <testcase classname="hostService 加密迁移 v1(CBC) → v2(GCM) 密钥派生 ENCRYPT_KEY 长度不足应抛错" name="hostService 加密迁移 v1(CBC) → v2(GCM) 密钥派生 ENCRYPT_KEY 长度不足应抛错" time="0">
    </testcase>
    <testcase classname="hostService 加密迁移 v1(CBC) → v2(GCM) KEY_VERSION 常量 V1_CBC 应为 1，V2_GCM 应为 2" name="hostService 加密迁移 v1(CBC) → v2(GCM) KEY_VERSION 常量 V1_CBC 应为 1，V2_GCM 应为 2" time="0">
    </testcase>
  </testsuite>
  <testsuite name="集成测试：优惠券核销子链路" errors="0" failures="0" skipped="0" timestamp="2026-06-06T05:37:35" time="0.193" tests="27">
    <testcase classname="集成测试：优惠券核销子链路 calculateCouponDiscount（单元） 满减券：达标 → 减免 = reduceAmount" name="集成测试：优惠券核销子链路 calculateCouponDiscount（单元） 满减券：达标 → 减免 = reduceAmount" time="0.001">
    </testcase>
    <testcase classname="集成测试：优惠券核销子链路 calculateCouponDiscount（单元） 满减券：未达标 → ineligible" name="集成测试：优惠券核销子链路 calculateCouponDiscount（单元） 满减券：未达标 → ineligible" time="0">
    </testcase>
    <testcase classname="集成测试：优惠券核销子链路 calculateCouponDiscount（单元） 固定金额券：直接减 reduceAmount" name="集成测试：优惠券核销子链路 calculateCouponDiscount（单元） 固定金额券：直接减 reduceAmount" time="0">
    </testcase>
    <testcase classname="集成测试：优惠券核销子链路 calculateCouponDiscount（单元） 折扣券：按折扣率减" name="集成测试：优惠券核销子链路 calculateCouponDiscount（单元） 折扣券：按折扣率减" time="0">
    </testcase>
    <testcase classname="集成测试：优惠券核销子链路 calculateCouponDiscount（单元） 折扣券：maxReduceAmount 上限" name="集成测试：优惠券核销子链路 calculateCouponDiscount（单元） 折扣券：maxReduceAmount 上限" time="0">
    </testcase>
    <testcase classname="集成测试：优惠券核销子链路 calculateCouponDiscount（单元） 未知类型 → ineligible" name="集成测试：优惠券核销子链路 calculateCouponDiscount（单元） 未知类型 → ineligible" time="0">
    </testcase>
    <testcase classname="集成测试：优惠券核销子链路 calculateCouponDiscount（单元） 缺 rules → ineligible" name="集成测试：优惠券核销子链路 calculateCouponDiscount（单元） 缺 rules → ineligible" time="0">
    </testcase>
    <testcase classname="集成测试：优惠券核销子链路 calculateCouponDiscount（单元） 减免额不超订单金额" name="集成测试：优惠券核销子链路 calculateCouponDiscount（单元） 减免额不超订单金额" time="0">
    </testcase>
    <testcase classname="集成测试：优惠券核销子链路 calculateCouponDiscount（单元） 减免额保留 2 位小数" name="集成测试：优惠券核销子链路 calculateCouponDiscount（单元） 减免额保留 2 位小数" time="0.001">
    </testcase>
    <testcase classname="集成测试：优惠券核销子链路 claimCoupon：领取 正常领取 → user_coupons 写入一条 active 记录" name="集成测试：优惠券核销子链路 claimCoupon：领取 正常领取 → user_coupons 写入一条 active 记录" time="0.122">
    </testcase>
    <testcase classname="集成测试：优惠券核销子链路 claimCoupon：领取 模板不存在 → NOT_FOUND" name="集成测试：优惠券核销子链路 claimCoupon：领取 模板不存在 → NOT_FOUND" time="0.006">
    </testcase>
    <testcase classname="集成测试：优惠券核销子链路 claimCoupon：领取 超过 perUserLimit → COUPON_LIMIT_REACHED" name="集成测试：优惠券核销子链路 claimCoupon：领取 超过 perUserLimit → COUPON_LIMIT_REACHED" time="0.001">
    </testcase>
    <testcase classname="集成测试：优惠券核销子链路 claimCoupon：领取 模板已停用 → BUSINESS_ERROR" name="集成测试：优惠券核销子链路 claimCoupon：领取 模板已停用 → BUSINESS_ERROR" time="0.002">
    </testcase>
    <testcase classname="集成测试：优惠券核销子链路 claimCoupon：领取 缺 templateId → INVALID_PARAMS" name="集成测试：优惠券核销子链路 claimCoupon：领取 缺 templateId → INVALID_PARAMS" time="0.001">
    </testcase>
    <testcase classname="集成测试：优惠券核销子链路 lockCoupon：锁定 unused → locked 状态" name="集成测试：优惠券核销子链路 lockCoupon：锁定 unused → locked 状态" time="0">
    </testcase>
    <testcase classname="集成测试：优惠券核销子链路 lockCoupon：锁定 非 owner 调用 → PERMISSION_DENIED" name="集成测试：优惠券核销子链路 lockCoupon：锁定 非 owner 调用 → PERMISSION_DENIED" time="0.001">
    </testcase>
    <testcase classname="集成测试：优惠券核销子链路 lockCoupon：锁定 已锁定的券不能再锁定" name="集成测试：优惠券核销子链路 lockCoupon：锁定 已锁定的券不能再锁定" time="0.001">
    </testcase>
    <testcase classname="集成测试：优惠券核销子链路 lockCoupon：锁定 已使用的券不能再锁定" name="集成测试：优惠券核销子链路 lockCoupon：锁定 已使用的券不能再锁定" time="0">
    </testcase>
    <testcase classname="集成测试：优惠券核销子链路 lockCoupon：锁定 券不存在 → NOT_FOUND" name="集成测试：优惠券核销子链路 lockCoupon：锁定 券不存在 → NOT_FOUND" time="0.002">
    </testcase>
    <testcase classname="集成测试：优惠券核销子链路 useCoupon：核销 locked → used 状态" name="集成测试：优惠券核销子链路 useCoupon：核销 locked → used 状态" time="0">
    </testcase>
    <testcase classname="集成测试：优惠券核销子链路 useCoupon：核销 unused 状态的券不能直接核销（应先 lock）" name="集成测试：优惠券核销子链路 useCoupon：核销 unused 状态的券不能直接核销（应先 lock）" time="0.001">
    </testcase>
    <testcase classname="集成测试：优惠券核销子链路 useCoupon：核销 已 used 的券重复核销 → 拒绝" name="集成测试：优惠券核销子链路 useCoupon：核销 已 used 的券重复核销 → 拒绝" time="0.001">
    </testcase>
    <testcase classname="集成测试：优惠券核销子链路 useCoupon：核销 非 owner 调用 → PERMISSION_DENIED" name="集成测试：优惠券核销子链路 useCoupon：核销 非 owner 调用 → PERMISSION_DENIED" time="0.003">
    </testcase>
    <testcase classname="集成测试：优惠券核销子链路 unlockCoupon：解锁 locked → unused 状态" name="集成测试：优惠券核销子链路 unlockCoupon：解锁 locked → unused 状态" time="0.007">
    </testcase>
    <testcase classname="集成测试：优惠券核销子链路 unlockCoupon：解锁 已 used 的券不能 unlock" name="集成测试：优惠券核销子链路 unlockCoupon：解锁 已 used 的券不能 unlock" time="0.002">
    </testcase>
    <testcase classname="集成测试：优惠券核销子链路 状态机集成：领取 → 锁定 → 核销 完整闭环：unused → locked → used" name="集成测试：优惠券核销子链路 状态机集成：领取 → 锁定 → 核销 完整闭环：unused → locked → used" time="0.001">
    </testcase>
    <testcase classname="集成测试：优惠券核销子链路 handler 路由 未知 action 抛 INVALID_PARAMS（在 try-catch 越界处）" name="集成测试：优惠券核销子链路 handler 路由 未知 action 抛 INVALID_PARAMS（在 try-catch 越界处）" time="0">
    </testcase>
  </testsuite>
  <testsuite name="Sprint 15: utils.ts TypeScript 迁移" errors="0" failures="0" skipped="0" timestamp="2026-06-06T05:37:35" time="0.136" tests="25">
    <testcase classname="Sprint 15: utils.ts TypeScript 迁移 源文件 / 产物 utils.ts 源文件存在" name="Sprint 15: utils.ts TypeScript 迁移 源文件 / 产物 utils.ts 源文件存在" time="0.001">
    </testcase>
    <testcase classname="Sprint 15: utils.ts TypeScript 迁移 源文件 / 产物 utils.js 编译产物存在" name="Sprint 15: utils.ts TypeScript 迁移 源文件 / 产物 utils.js 编译产物存在" time="0">
    </testcase>
    <testcase classname="Sprint 15: utils.ts TypeScript 迁移 源文件 / 产物 utils.d.ts 由 tsc 自动生成（基于 utils.ts）" name="Sprint 15: utils.ts TypeScript 迁移 源文件 / 产物 utils.d.ts 由 tsc 自动生成（基于 utils.ts）" time="0.004">
    </testcase>
    <testcase classname="Sprint 15: utils.ts TypeScript 迁移 .ts 源码契约 导出 initCloud / ERROR_CODES / ERROR_MESSAGES" name="Sprint 15: utils.ts TypeScript 迁移 .ts 源码契约 导出 initCloud / ERROR_CODES / ERROR_MESSAGES" time="0.003">
    </testcase>
    <testcase classname="Sprint 15: utils.ts TypeScript 迁移 .ts 源码契约 导出 generateId / handleError / handleSuccess" name="Sprint 15: utils.ts TypeScript 迁移 .ts 源码契约 导出 generateId / handleError / handleSuccess" time="0.001">
    </testcase>
    <testcase classname="Sprint 15: utils.ts TypeScript 迁移 .ts 源码契约 导出 paginate / batchProcess" name="Sprint 15: utils.ts TypeScript 迁移 .ts 源码契约 导出 paginate / batchProcess" time="0">
    </testcase>
    <testcase classname="Sprint 15: utils.ts TypeScript 迁移 .ts 源码契约 导出 convertCloudUrls / revertCloudUrls" name="Sprint 15: utils.ts TypeScript 迁移 .ts 源码契约 导出 convertCloudUrls / revertCloudUrls" time="0">
    </testcase>
    <testcase classname="Sprint 15: utils.ts TypeScript 迁移 .ts 源码契约 含 ID 类型白名单 TYPE_MAPPING" name="Sprint 15: utils.ts TypeScript 迁移 .ts 源码契约 含 ID 类型白名单 TYPE_MAPPING" time="0.001">
    </testcase>
    <testcase classname="Sprint 15: utils.ts TypeScript 迁移 .ts 源码契约 含核心类型 IdType / ErrorCodeMap / PaginateOptions" name="Sprint 15: utils.ts TypeScript 迁移 .ts 源码契约 含核心类型 IdType / ErrorCodeMap / PaginateOptions" time="0">
    </testcase>
    <testcase classname="Sprint 15: utils.ts TypeScript 迁移 .js 产物：行为契约 产物导出所有公共 API" name="Sprint 15: utils.ts TypeScript 迁移 .js 产物：行为契约 产物导出所有公共 API" time="0.001">
    </testcase>
    <testcase classname="Sprint 15: utils.ts TypeScript 迁移 .js 产物：行为契约 ERROR_CODES 数值稳定（数字）" name="Sprint 15: utils.ts TypeScript 迁移 .js 产物：行为契约 ERROR_CODES 数值稳定（数字）" time="0">
    </testcase>
    <testcase classname="Sprint 15: utils.ts TypeScript 迁移 .js 产物：行为契约 generateId 生成 ID 满足格式（≤32 字符 + 字母数字下划线）" name="Sprint 15: utils.ts TypeScript 迁移 .js 产物：行为契约 generateId 生成 ID 满足格式（≤32 字符 + 字母数字下划线）" time="0.001">
    </testcase>
    <testcase classname="Sprint 15: utils.ts TypeScript 迁移 .js 产物：行为契约 generateId 无 type 时不以前缀开头" name="Sprint 15: utils.ts TypeScript 迁移 .js 产物：行为契约 generateId 无 type 时不以前缀开头" time="0">
    </testcase>
    <testcase classname="Sprint 15: utils.ts TypeScript 迁移 .js 产物：行为契约 handleError 返回结构正确" name="Sprint 15: utils.ts TypeScript 迁移 .js 产物：行为契约 handleError 返回结构正确" time="0">
    </testcase>
    <testcase classname="Sprint 15: utils.ts TypeScript 迁移 .js 产物：行为契约 handleError 缺省 code 时回退到 BUSINESS (1006)" name="Sprint 15: utils.ts TypeScript 迁移 .js 产物：行为契约 handleError 缺省 code 时回退到 BUSINESS (1006)" time="0">
    </testcase>
    <testcase classname="Sprint 15: utils.ts TypeScript 迁移 .js 产物：行为契约 handleSuccess 默认 success" name="Sprint 15: utils.ts TypeScript 迁移 .js 产物：行为契约 handleSuccess 默认 success" time="0.005">
    </testcase>
    <testcase classname="Sprint 15: utils.ts TypeScript 迁移 .js 产物：行为契约 paginate 基础行为（mock db）" name="Sprint 15: utils.ts TypeScript 迁移 .js 产物：行为契约 paginate 基础行为（mock db）" time="0">
    </testcase>
    <testcase classname="Sprint 15: utils.ts TypeScript 迁移 .js 产物：行为契约 paginate pageSize 上限保护（最大 100）" name="Sprint 15: utils.ts TypeScript 迁移 .js 产物：行为契约 paginate pageSize 上限保护（最大 100）" time="0">
    </testcase>
    <testcase classname="Sprint 15: utils.ts TypeScript 迁移 .js 产物：行为契约 batchProcess 收集成功与失败" name="Sprint 15: utils.ts TypeScript 迁移 .js 产物：行为契约 batchProcess 收集成功与失败" time="0">
    </testcase>
    <testcase classname="Sprint 15: utils.ts TypeScript 迁移 .js 产物：行为契约 revertCloudUrls 是 no-op" name="Sprint 15: utils.ts TypeScript 迁移 .js 产物：行为契约 revertCloudUrls 是 no-op" time="0">
    </testcase>
    <testcase classname="Sprint 15: utils.ts TypeScript 迁移 tsconfig / build 工具链 tsconfig.common.json 包含 utils.ts" name="Sprint 15: utils.ts TypeScript 迁移 tsconfig / build 工具链 tsconfig.common.json 包含 utils.ts" time="0.001">
    </testcase>
    <testcase classname="Sprint 15: utils.ts TypeScript 迁移 tsconfig / build 工具链 scripts/build-common.js 包含 utils.js" name="Sprint 15: utils.ts TypeScript 迁移 tsconfig / build 工具链 scripts/build-common.js 包含 utils.js" time="0.001">
    </testcase>
    <testcase classname="Sprint 15: utils.ts TypeScript 迁移 tsconfig / build 工具链 tsconfig.common.json 包含 utils.ts（不直接 include .d.ts）" name="Sprint 15: utils.ts TypeScript 迁移 tsconfig / build 工具链 tsconfig.common.json 包含 utils.ts（不直接 include .d.ts）" time="0">
    </testcase>
    <testcase classname="Sprint 15: utils.ts TypeScript 迁移 errors.ts 集成 errors.ts 仍能从 utils 导入（编译通过）" name="Sprint 15: utils.ts TypeScript 迁移 errors.ts 集成 errors.ts 仍能从 utils 导入（编译通过）" time="0.002">
    </testcase>
    <testcase classname="Sprint 15: utils.ts TypeScript 迁移 errors.ts 集成 编译产物 errors.js 通过 require(&quot;./utils&quot;) 获取 ERROR_CODES" name="Sprint 15: utils.ts TypeScript 迁移 errors.ts 集成 编译产物 errors.js 通过 require(&quot;./utils&quot;) 获取 ERROR_CODES" time="0.001">
    </testcase>
  </testsuite>
  <testsuite name="common/alert" errors="0" failures="0" skipped="0" timestamp="2026-06-06T05:37:35" time="0.3" tests="20">
    <testcase classname="common/alert isAlertable SEVERE 错误码返回 true" name="common/alert isAlertable SEVERE 错误码返回 true" time="0.001">
    </testcase>
    <testcase classname="common/alert isAlertable 非 SEVERE 错误码返回 false" name="common/alert isAlertable 非 SEVERE 错误码返回 false" time="0">
    </testcase>
    <testcase classname="common/alert buildDedupeKey 优先用 orderId" name="common/alert buildDedupeKey 优先用 orderId" time="0.001">
    </testcase>
    <testcase classname="common/alert buildDedupeKey 其次用 outTradeNo" name="common/alert buildDedupeKey 其次用 outTradeNo" time="0">
    </testcase>
    <testcase classname="common/alert buildDedupeKey 其次用 userId / openid" name="common/alert buildDedupeKey 其次用 userId / openid" time="0">
    </testcase>
    <testcase classname="common/alert buildDedupeKey 无业务 ID 时只用 code" name="common/alert buildDedupeKey 无业务 ID 时只用 code" time="0">
    </testcase>
    <testcase classname="common/alert formatMessage 包含 code + 时间" name="common/alert formatMessage 包含 code + 时间" time="0">
    </testcase>
    <testcase classname="common/alert formatMessage 包含业务字段" name="common/alert formatMessage 包含业务字段" time="0">
    </testcase>
    <testcase classname="common/alert formatMessage stack 截断前 3 行" name="common/alert formatMessage stack 截断前 3 行" time="0.001">
    </testcase>
    <testcase classname="common/alert notify：禁用 / 缺失配置 ALERT_DISABLE=1 → 不发送" name="common/alert notify：禁用 / 缺失配置 ALERT_DISABLE=1 → 不发送" time="0.001">
    </testcase>
    <testcase classname="common/alert notify：禁用 / 缺失配置 缺 ALERT_WEBHOOK_URL → 不发送" name="common/alert notify：禁用 / 缺失配置 缺 ALERT_WEBHOOK_URL → 不发送" time="0">
    </testcase>
    <testcase classname="common/alert notify：禁用 / 缺失配置 非 SEVERE code → 不发送" name="common/alert notify：禁用 / 缺失配置 非 SEVERE code → 不发送" time="0">
    </testcase>
    <testcase classname="common/alert notify：去重窗口 同 key 在窗口内重复 → deduped" name="common/alert notify：去重窗口 同 key 在窗口内重复 → deduped" time="0.004">
    </testcase>
    <testcase classname="common/alert notify：去重窗口 窗口过期后重新发送" name="common/alert notify：去重窗口 窗口过期后重新发送" time="0.156">
    </testcase>
    <testcase classname="common/alert notify：webhook 失败 webhook 返回 500 → sent=false，failed 计数+1" name="common/alert notify：webhook 失败 webhook 返回 500 → sent=false，failed 计数+1" time="0.001">
    </testcase>
    <testcase classname="common/alert notify：webhook 失败 网络错误 → sent=false" name="common/alert notify：webhook 失败 网络错误 → sent=false" time="0">
    </testcase>
    <testcase classname="common/alert alertOnError 装饰器 handler 抛 SEVERE 错误 → 触发 notify" name="common/alert alertOnError 装饰器 handler 抛 SEVERE 错误 → 触发 notify" time="0.047">
    </testcase>
    <testcase classname="common/alert alertOnError 装饰器 handler 抛非 SEVERE 错误 → 不触发" name="common/alert alertOnError 装饰器 handler 抛非 SEVERE 错误 → 不触发" time="0.024">
    </testcase>
    <testcase classname="common/alert alertOnError 装饰器 handler 成功 → 不触发" name="common/alert alertOnError 装饰器 handler 成功 → 不触发" time="0">
    </testcase>
    <testcase classname="common/alert SEVERE_CODES 列表 至少包含 8 个常用严重错误码" name="common/alert SEVERE_CODES 列表 至少包含 8 个常用严重错误码" time="0">
    </testcase>
  </testsuite>
  <testsuite name="idempotency.js" errors="0" failures="0" skipped="0" timestamp="2026-06-06T05:37:36" time="0.182" tests="24">
    <testcase classname="idempotency.js buildIdempotencyKey 相同输入应产生相同 key" name="idempotency.js buildIdempotencyKey 相同输入应产生相同 key" time="0.004">
    </testcase>
    <testcase classname="idempotency.js buildIdempotencyKey 不同 payload 应产生不同 key" name="idempotency.js buildIdempotencyKey 不同 payload 应产生不同 key" time="0.001">
    </testcase>
    <testcase classname="idempotency.js buildIdempotencyKey 不同 userId 应隔离" name="idempotency.js buildIdempotencyKey 不同 userId 应隔离" time="0">
    </testcase>
    <testcase classname="idempotency.js buildIdempotencyKey 未传 userId 应使用 anonymous" name="idempotency.js buildIdempotencyKey 未传 userId 应使用 anonymous" time="0">
    </testcase>
    <testcase classname="idempotency.js buildIdempotencyKey 显式 scope 应覆盖 userId" name="idempotency.js buildIdempotencyKey 显式 scope 应覆盖 userId" time="0.038">
    </testcase>
    <testcase classname="idempotency.js buildIdempotencyKey action 必填" name="idempotency.js buildIdempotencyKey action 必填" time="0.022">
    </testcase>
    <testcase classname="idempotency.js buildIdempotencyKey 字符串 payload 应取前 32 字符" name="idempotency.js buildIdempotencyKey 字符串 payload 应取前 32 字符" time="0.001">
    </testcase>
    <testcase classname="idempotency.js buildPaymentIdempotencyKey outTradeNo + transactionId 应组成稳定 key" name="idempotency.js buildPaymentIdempotencyKey outTradeNo + transactionId 应组成稳定 key" time="0">
    </testcase>
    <testcase classname="idempotency.js buildPaymentIdempotencyKey event 应默认为 pay，可指定 refund" name="idempotency.js buildPaymentIdempotencyKey event 应默认为 pay，可指定 refund" time="0">
    </testcase>
    <testcase classname="idempotency.js buildPaymentIdempotencyKey outTradeNo / transactionId 至少需一个" name="idempotency.js buildPaymentIdempotencyKey outTradeNo / transactionId 至少需一个" time="0">
    </testcase>
    <testcase classname="idempotency.js buildPaymentIdempotencyKey 仅 transactionId 也能构造" name="idempotency.js buildPaymentIdempotencyKey 仅 transactionId 也能构造" time="0">
    </testcase>
    <testcase classname="idempotency.js isIdempotentHit 集合不存在应返回 false" name="idempotency.js isIdempotentHit 集合不存在应返回 false" time="0.001">
    </testcase>
    <testcase classname="idempotency.js isIdempotentHit 有数据应返回 true" name="idempotency.js isIdempotentHit 有数据应返回 true" time="0">
    </testcase>
    <testcase classname="idempotency.js isIdempotentHit 空数据应返回 false" name="idempotency.js isIdempotentHit 空数据应返回 false" time="0">
    </testcase>
    <testcase classname="idempotency.js isIdempotentHit 其他错误应上抛" name="idempotency.js isIdempotentHit 其他错误应上抛" time="0.001">
    </testcase>
    <testcase classname="idempotency.js isIdempotentHit db / collection / key 缺失应返回 false" name="idempotency.js isIdempotentHit db / collection / key 缺失应返回 false" time="0">
    </testcase>
    <testcase classname="idempotency.js registerIdempotencyKey 新 key 应返回 { ok: true, duplicate: false }" name="idempotency.js registerIdempotencyKey 新 key 应返回 { ok: true, duplicate: false }" time="0">
    </testcase>
    <testcase classname="idempotency.js registerIdempotencyKey DUPLICATE_KEY 应返回 { ok: false, duplicate: true }" name="idempotency.js registerIdempotencyKey DUPLICATE_KEY 应返回 { ok: false, duplicate: true }" time="0">
    </testcase>
    <testcase classname="idempotency.js registerIdempotencyKey 其他错误应上抛" name="idempotency.js registerIdempotencyKey 其他错误应上抛" time="0">
    </testcase>
    <testcase classname="idempotency.js registerIdempotencyKey TTL 默认 24h" name="idempotency.js registerIdempotencyKey TTL 默认 24h" time="0.001">
    </testcase>
    <testcase classname="idempotency.js checkRateLimit count &lt; maxCount 应允许" name="idempotency.js checkRateLimit count &lt; maxCount 应允许" time="0.009">
    </testcase>
    <testcase classname="idempotency.js checkRateLimit count &gt;= maxCount 应拒绝" name="idempotency.js checkRateLimit count &gt;= maxCount 应拒绝" time="0.001">
    </testcase>
    <testcase classname="idempotency.js checkRateLimit resetAt 应在未来" name="idempotency.js checkRateLimit resetAt 应在未来" time="0.001">
    </testcase>
    <testcase classname="idempotency.js checkRateLimit 非法参数应抛错" name="idempotency.js checkRateLimit 非法参数应抛错" time="0.038">
    </testcase>
  </testsuite>
  <testsuite name="Sprint 11: errors.js → .ts 迁移" errors="0" failures="0" skipped="0" timestamp="2026-06-06T05:37:36" time="0.046" tests="10">
    <testcase classname="Sprint 11: errors.js → .ts 迁移 errors.ts 源文件应存在" name="Sprint 11: errors.js → .ts 迁移 errors.ts 源文件应存在" time="0">
    </testcase>
    <testcase classname="Sprint 11: errors.js → .ts 迁移 编译产物 errors.js 应存在" name="Sprint 11: errors.js → .ts 迁移 编译产物 errors.js 应存在" time="0">
    </testcase>
    <testcase classname="Sprint 11: errors.js → .ts 迁移 类型声明 errors.d.ts 应存在" name="Sprint 11: errors.js → .ts 迁移 类型声明 errors.d.ts 应存在" time="0">
    </testcase>
    <testcase classname="Sprint 11: errors.js → .ts 迁移 errors.js 顶部应有 eslint-disable 标记（tsc 产物）" name="Sprint 11: errors.js → .ts 迁移 errors.js 顶部应有 eslint-disable 标记（tsc 产物）" time="0.001">
    </testcase>
    <testcase classname="Sprint 11: errors.js → .ts 迁移 编译后的 .js 仍能正确导出所有公共 API" name="Sprint 11: errors.js → .ts 迁移 编译后的 .js 仍能正确导出所有公共 API" time="0.001">
    </testcase>
    <testcase classname="Sprint 11: errors.js → .ts 迁移 .d.ts 应包含 BusinessError / BusinessErrors / 工厂函数" name="Sprint 11: errors.js → .ts 迁移 .d.ts 应包含 BusinessError / BusinessErrors / 工厂函数" time="0.001">
    </testcase>
    <testcase classname="Sprint 11: errors.js → .ts 迁移 tsconfig.common.json 应存在并配置为 emit" name="Sprint 11: errors.js → .ts 迁移 tsconfig.common.json 应存在并配置为 emit" time="0">
    </testcase>
    <testcase classname="Sprint 11: errors.js → .ts 迁移 build:common 脚本应在 package.json 中" name="Sprint 11: errors.js → .ts 迁移 build:common 脚本应在 package.json 中" time="0">
    </testcase>
    <testcase classname="Sprint 11: errors.js → .ts 迁移 utils.d.ts shim 应存在（errors.ts 编译时需要）" name="Sprint 11: errors.js → .ts 迁移 utils.d.ts shim 应存在（errors.ts 编译时需要）" time="0">
    </testcase>
    <testcase classname="Sprint 11: errors.js → .ts 迁移 迁移不应改变公共 API 行为" name="Sprint 11: errors.js → .ts 迁移 迁移不应改变公共 API 行为" time="0.001">
    </testcase>
  </testsuite>
  <testsuite name="crypto.js" errors="0" failures="0" skipped="0" timestamp="2026-06-06T05:37:34" time="1.901" tests="27">
    <testcase classname="crypto.js deriveKey 应返回 32 字节 Buffer" name="crypto.js deriveKey 应返回 32 字节 Buffer" time="0.061">
    </testcase>
    <testcase classname="crypto.js deriveKey 相同 passphrase + salt 应得到相同 key（确定性）" name="crypto.js deriveKey 相同 passphrase + salt 应得到相同 key（确定性）" time="0.289">
    </testcase>
    <testcase classname="crypto.js deriveKey 不同 salt 应得到不同 key" name="crypto.js deriveKey 不同 salt 应得到不同 key" time="0.135">
    </testcase>
    <testcase classname="crypto.js deriveKey 空 passphrase 应抛错" name="crypto.js deriveKey 空 passphrase 应抛错" time="0.022">
    </testcase>
    <testcase classname="crypto.js encrypt + decrypt 往返 明文加密后应能正确解密" name="crypto.js encrypt + decrypt 往返 明文加密后应能正确解密" time="0.101">
    </testcase>
    <testcase classname="crypto.js encrypt + decrypt 往返 每次加密应得到不同密文（IV 随机）" name="crypto.js encrypt + decrypt 往返 每次加密应得到不同密文（IV 随机）" time="0.104">
    </testcase>
    <testcase classname="crypto.js encrypt + decrypt 往返 payload 格式应为三段 base64" name="crypto.js encrypt + decrypt 往返 payload 格式应为三段 base64" time="0.173">
    </testcase>
    <testcase classname="crypto.js encrypt + decrypt 往返 中文 / emoji 应正确加解密" name="crypto.js encrypt + decrypt 往返 中文 / emoji 应正确加解密" time="0.064">
    </testcase>
    <testcase classname="crypto.js encrypt + decrypt 往返 篡改 ciphertext 应抛错（GCM 完整性）" name="crypto.js encrypt + decrypt 往返 篡改 ciphertext 应抛错（GCM 完整性）" time="0.056">
    </testcase>
    <testcase classname="crypto.js encrypt + decrypt 往返 错误 key 应抛错" name="crypto.js encrypt + decrypt 往返 错误 key 应抛错" time="0.153">
    </testcase>
    <testcase classname="crypto.js encrypt + decrypt 往返 无效 payload 格式应抛错" name="crypto.js encrypt + decrypt 往返 无效 payload 格式应抛错" time="0.113">
    </testcase>
    <testcase classname="crypto.js encrypt + decrypt 往返 key 长度错误应抛错" name="crypto.js encrypt + decrypt 往返 key 长度错误应抛错" time="0.001">
    </testcase>
    <testcase classname="crypto.js sha256 相同输入应得到相同哈希" name="crypto.js sha256 相同输入应得到相同哈希" time="0.003">
    </testcase>
    <testcase classname="crypto.js sha256 不同输入应得到不同哈希" name="crypto.js sha256 不同输入应得到不同哈希" time="0">
    </testcase>
    <testcase classname="crypto.js sha256 应接受对象（JSON 序列化）" name="crypto.js sha256 应接受对象（JSON 序列化）" time="0">
    </testcase>
    <testcase classname="crypto.js sha256 哈希长度应为 64 hex" name="crypto.js sha256 哈希长度应为 64 hex" time="0">
    </testcase>
    <testcase classname="crypto.js hmacSha256 相同输入应得到相同签名" name="crypto.js hmacSha256 相同输入应得到相同签名" time="0.001">
    </testcase>
    <testcase classname="crypto.js hmacSha256 不同 secret 应得到不同签名" name="crypto.js hmacSha256 不同 secret 应得到不同签名" time="0.023">
    </testcase>
    <testcase classname="crypto.js safeEqual 相同字符串应返回 true" name="crypto.js safeEqual 相同字符串应返回 true" time="0">
    </testcase>
    <testcase classname="crypto.js safeEqual 不同字符串应返回 false" name="crypto.js safeEqual 不同字符串应返回 false" time="0.001">
    </testcase>
    <testcase classname="crypto.js safeEqual 类型不同时应返回 false" name="crypto.js safeEqual 类型不同时应返回 false" time="0.001">
    </testcase>
    <testcase classname="crypto.js safeEqual Buffer 比较" name="crypto.js safeEqual Buffer 比较" time="0.001">
    </testcase>
    <testcase classname="crypto.js randomString 默认 16 字节" name="crypto.js randomString 默认 16 字节" time="0.007">
    </testcase>
    <testcase classname="crypto.js randomString 应支持自定义长度" name="crypto.js randomString 应支持自定义长度" time="0.011">
    </testcase>
    <testcase classname="crypto.js randomString 两次生成应不同" name="crypto.js randomString 两次生成应不同" time="0.002">
    </testcase>
    <testcase classname="crypto.js 常量 ALGORITHM 应为 aes-256-gcm" name="crypto.js 常量 ALGORITHM 应为 aes-256-gcm" time="0.006">
    </testcase>
    <testcase classname="crypto.js 常量 IV_LENGTH 12, AUTH_TAG_LENGTH 16, KEY_LENGTH 32" name="crypto.js 常量 IV_LENGTH 12, AUTH_TAG_LENGTH 16, KEY_LENGTH 32" time="0">
    </testcase>
  </testsuite>
  <testsuite name="集成测试：评价子链路" errors="0" failures="0" skipped="0" timestamp="2026-06-06T05:37:36" time="0.221" tests="20">
    <testcase classname="集成测试：评价子链路 submitEvaluation：正常流程 completed 订单 + rating=5 + 评价 → 写入 evaluations" name="集成测试：评价子链路 submitEvaluation：正常流程 completed 订单 + rating=5 + 评价 → 写入 evaluations" time="0.003">
    </testcase>
    <testcase classname="集成测试：评价子链路 submitEvaluation：正常流程 支持 tags 数组" name="集成测试：评价子链路 submitEvaluation：正常流程 支持 tags 数组" time="0">
    </testcase>
    <testcase classname="集成测试：评价子链路 submitEvaluation：正常流程 comment 超 500 字符自动截断" name="集成测试：评价子链路 submitEvaluation：正常流程 comment 超 500 字符自动截断" time="0">
    </testcase>
    <testcase classname="集成测试：评价子链路 submitEvaluation：正常流程 tags 超过 10 个只保留前 10 个" name="集成测试：评价子链路 submitEvaluation：正常流程 tags 超过 10 个只保留前 10 个" time="0.001">
    </testcase>
    <testcase classname="集成测试：评价子链路 submitEvaluation：参数校验 rating=0 → INVALID_PARAMS" name="集成测试：评价子链路 submitEvaluation：参数校验 rating=0 → INVALID_PARAMS" time="0.001">
    </testcase>
    <testcase classname="集成测试：评价子链路 submitEvaluation：参数校验 rating=6 → INVALID_PARAMS" name="集成测试：评价子链路 submitEvaluation：参数校验 rating=6 → INVALID_PARAMS" time="0">
    </testcase>
    <testcase classname="集成测试：评价子链路 submitEvaluation：参数校验 rating=3.5（非整数）→ INVALID_PARAMS" name="集成测试：评价子链路 submitEvaluation：参数校验 rating=3.5（非整数）→ INVALID_PARAMS" time="0">
    </testcase>
    <testcase classname="集成测试：评价子链路 submitEvaluation：参数校验 rating=&quot;abc&quot; → INVALID_PARAMS" name="集成测试：评价子链路 submitEvaluation：参数校验 rating=&quot;abc&quot; → INVALID_PARAMS" time="0">
    </testcase>
    <testcase classname="集成测试：评价子链路 submitEvaluation：参数校验 缺少 orderId → INVALID_PARAMS" name="集成测试：评价子链路 submitEvaluation：参数校验 缺少 orderId → INVALID_PARAMS" time="0.001">
    </testcase>
    <testcase classname="集成测试：评价子链路 submitEvaluation：状态/权限校验 未登录 → AUTH_REQUIRED" name="集成测试：评价子链路 submitEvaluation：状态/权限校验 未登录 → AUTH_REQUIRED" time="0">
    </testcase>
    <testcase classname="集成测试：评价子链路 submitEvaluation：状态/权限校验 订单不存在 → ORDER_NOT_FOUND" name="集成测试：评价子链路 submitEvaluation：状态/权限校验 订单不存在 → ORDER_NOT_FOUND" time="0">
    </testcase>
    <testcase classname="集成测试：评价子链路 submitEvaluation：状态/权限校验 非 completed 状态订单 → BUSINESS_ERROR" name="集成测试：评价子链路 submitEvaluation：状态/权限校验 非 completed 状态订单 → BUSINESS_ERROR" time="0.001">
    </testcase>
    <testcase classname="集成测试：评价子链路 submitEvaluation：状态/权限校验 他人订单 → PERMISSION_DENIED" name="集成测试：评价子链路 submitEvaluation：状态/权限校验 他人订单 → PERMISSION_DENIED" time="0.001">
    </testcase>
    <testcase classname="集成测试：评价子链路 submitEvaluation：幂等性 同订单二次评价 → duplicate=true，不重复写" name="集成测试：评价子链路 submitEvaluation：幂等性 同订单二次评价 → duplicate=true，不重复写" time="0.003">
    </testcase>
    <testcase classname="集成测试：评价子链路 submitEvaluation：异步触发 host.rating 重算 单条评价后 host.rating = 该评分" name="集成测试：评价子链路 submitEvaluation：异步触发 host.rating 重算 单条评价后 host.rating = 该评分" time="0.051">
    </testcase>
    <testcase classname="集成测试：评价子链路 submitEvaluation：异步触发 host.rating 重算 多条评价后 host.rating 取平均（精度 1 位）" name="集成测试：评价子链路 submitEvaluation：异步触发 host.rating 重算 多条评价后 host.rating 取平均（精度 1 位）" time="0.087">
    </testcase>
    <testcase classname="集成测试：评价子链路 getHostEvaluations 无评价时返回空列表" name="集成测试：评价子链路 getHostEvaluations 无评价时返回空列表" time="0.002">
    </testcase>
    <testcase classname="集成测试：评价子链路 getHostEvaluations 返回 hostId 对应的所有评价（按时间倒序）" name="集成测试：评价子链路 getHostEvaluations 返回 hostId 对应的所有评价（按时间倒序）" time="0.002">
    </testcase>
    <testcase classname="集成测试：评价子链路 getHostEvaluations 缺 hostId → INVALID_PARAMS" name="集成测试：评价子链路 getHostEvaluations 缺 hostId → INVALID_PARAMS" time="0.001">
    </testcase>
    <testcase classname="集成测试：评价子链路 getHostEvaluations pageSize 超过 50 时被截断到 50" name="集成测试：评价子链路 getHostEvaluations pageSize 超过 50 时被截断到 50" time="0">
    </testcase>
  </testsuite>
  <testsuite name="codemod-handle-error" errors="0" failures="0" skipped="0" timestamp="2026-06-06T05:37:34" time="1.942" tests="10">
    <testcase classname="codemod-handle-error 基本模式：return handleError(new Error(&quot;x&quot;), &quot;x&quot;, ERROR_CODES.AUTH)" name="codemod-handle-error 基本模式：return handleError(new Error(&quot;x&quot;), &quot;x&quot;, ERROR_CODES.AUTH)" time="0.125">
    </testcase>
    <testcase classname="codemod-handle-error 错误码映射：VALIDATION -&gt; INVALID_PARAMS" name="codemod-handle-error 错误码映射：VALIDATION -&gt; INVALID_PARAMS" time="0.109">
    </testcase>
    <testcase classname="codemod-handle-error 双引号字符串" name="codemod-handle-error 双引号字符串" time="0.139">
    </testcase>
    <testcase classname="codemod-handle-error 新 Error 内是模板字符串：内层是变量，外层是常量（应替换）" name="codemod-handle-error 新 Error 内是模板字符串：内层是变量，外层是常量（应替换）" time="0.113">
    </testcase>
    <testcase classname="codemod-handle-error PERMISSION 错误码" name="codemod-handle-error PERMISSION 错误码" time="0.106">
    </testcase>
    <testcase classname="codemod-handle-error BUSINESS 错误码" name="codemod-handle-error BUSINESS 错误码" time="0.184">
    </testcase>
    <testcase classname="codemod-handle-error UNKNOWN 错误码" name="codemod-handle-error UNKNOWN 错误码" time="0.172">
    </testcase>
    <testcase classname="codemod-handle-error 多行不匹配（new Error 跨多行）应原样保留" name="codemod-handle-error 多行不匹配（new Error 跨多行）应原样保留" time="0.189">
    </testcase>
    <testcase classname="codemod-handle-error 没有匹配：原样保留" name="codemod-handle-error 没有匹配：原样保留" time="0.116">
    </testcase>
    <testcase classname="codemod-handle-error 同文件多匹配" name="codemod-handle-error 同文件多匹配" time="0.166">
    </testcase>
  </testsuite>
  <testsuite name="partnerService/wallet" errors="0" failures="0" skipped="0" timestamp="2026-06-06T05:37:36" time="0.319" tests="15">
    <testcase classname="partnerService/wallet getMyWallet 首次获取应自动创建钱包" name="partnerService/wallet getMyWallet 首次获取应自动创建钱包" time="0.004">
    </testcase>
    <testcase classname="partnerService/wallet getMyWallet 已有钱包应返回现有数据" name="partnerService/wallet getMyWallet 已有钱包应返回现有数据" time="0.002">
    </testcase>
    <testcase classname="partnerService/wallet getMyIncomeOverview 用户不存在应返回全零数据" name="partnerService/wallet getMyIncomeOverview 用户不存在应返回全零数据" time="0.002">
    </testcase>
    <testcase classname="partnerService/wallet getMyIncomeOverview 完整数据应正确汇总" name="partnerService/wallet getMyIncomeOverview 完整数据应正确汇总" time="0.004">
    </testcase>
    <testcase classname="partnerService/wallet getMyIncomeDetails 默认 all 类型应合并多源数据" name="partnerService/wallet getMyIncomeDetails 默认 all 类型应合并多源数据" time="0">
    </testcase>
    <testcase classname="partnerService/wallet getMyIncomeDetails type=commission 只返回佣金" name="partnerService/wallet getMyIncomeDetails type=commission 只返回佣金" time="0.001">
    </testcase>
    <testcase classname="partnerService/wallet getMyIncomeDetails 分页参数应生效" name="partnerService/wallet getMyIncomeDetails 分页参数应生效" time="0">
    </testcase>
    <testcase classname="partnerService/wallet getMyWithdrawals 应返回当前用户的提现记录" name="partnerService/wallet getMyWithdrawals 应返回当前用户的提现记录" time="0.001">
    </testcase>
    <testcase classname="partnerService/wallet getMyWithdrawals 空记录返回空列表" name="partnerService/wallet getMyWithdrawals 空记录返回空列表" time="0">
    </testcase>
    <testcase classname="partnerService/wallet requestWithdrawal 低于 10 元应抛 INVALID_PARAMS" name="partnerService/wallet requestWithdrawal 低于 10 元应抛 INVALID_PARAMS" time="0.001">
    </testcase>
    <testcase classname="partnerService/wallet requestWithdrawal 钱包不存在应抛 NOT_FOUND" name="partnerService/wallet requestWithdrawal 钱包不存在应抛 NOT_FOUND" time="0.171">
    </testcase>
    <testcase classname="partnerService/wallet requestWithdrawal 余额不足应抛 BUSINESS_ERROR" name="partnerService/wallet requestWithdrawal 余额不足应抛 BUSINESS_ERROR" time="0.001">
    </testcase>
    <testcase classname="partnerService/wallet requestWithdrawal 钱包已冻结应抛 BUSINESS_ERROR" name="partnerService/wallet requestWithdrawal 钱包已冻结应抛 BUSINESS_ERROR" time="0.001">
    </testcase>
    <testcase classname="partnerService/wallet requestWithdrawal 今日已提现应抛每日限额" name="partnerService/wallet requestWithdrawal 今日已提现应抛每日限额" time="0">
    </testcase>
    <testcase classname="partnerService/wallet requestWithdrawal 正常提现应扣减余额并创建记录" name="partnerService/wallet requestWithdrawal 正常提现应扣减余额并创建记录" time="0">
    </testcase>
  </testsuite>
  <testsuite name="scripts/sync-cloud-common.js" errors="0" failures="0" skipped="0" timestamp="2026-06-06T05:37:34" time="2.018" tests="5">
    <testcase classname="scripts/sync-cloud-common.js --check 模式在没有差异时应退出码 0" name="scripts/sync-cloud-common.js --check 模式在没有差异时应退出码 0" time="0.406">
    </testcase>
    <testcase classname="scripts/sync-cloud-common.js 同步后所有 service 的 common/ 都包含源文件" name="scripts/sync-cloud-common.js 同步后所有 service 的 common/ 都包含源文件" time="0.043">
    </testcase>
    <testcase classname="scripts/sync-cloud-common.js 同步后源文件与目标文件 md5 应一致" name="scripts/sync-cloud-common.js 同步后源文件与目标文件 md5 应一致" time="0.007">
    </testcase>
    <testcase classname="scripts/sync-cloud-common.js --service=&lt;name&gt; 只同步指定 service" name="scripts/sync-cloud-common.js --service=&lt;name&gt; 只同步指定 service" time="0.159">
    </testcase>
    <testcase classname="scripts/sync-cloud-common.js 文件被修改时 --check 应检测到差异并退出码 1" name="scripts/sync-cloud-common.js 文件被修改时 --check 应检测到差异并退出码 1" time="0.535">
    </testcase>
  </testsuite>
  <testsuite name="Sprint 16: miniapp 端 i18n" errors="0" failures="0" skipped="0" timestamp="2026-06-06T05:37:36" time="0.152" tests="38">
    <testcase classname="Sprint 16: miniapp 端 i18n 模块 API 导出公共 API" name="Sprint 16: miniapp 端 i18n 模块 API 导出公共 API" time="0.001">
    </testcase>
    <testcase classname="Sprint 16: miniapp 端 i18n 模块 API 导出 BIZ_I18N / ERROR_I18N 常量" name="Sprint 16: miniapp 端 i18n 模块 API 导出 BIZ_I18N / ERROR_I18N 常量" time="0.003">
    </testcase>
    <testcase classname="Sprint 16: miniapp 端 i18n 模块 API getSupportedLocales 返回 3 个语言" name="Sprint 16: miniapp 端 i18n 模块 API getSupportedLocales 返回 3 个语言" time="0.043">
    </testcase>
    <testcase classname="Sprint 16: miniapp 端 i18n 错误码 → 本地化文案 zh-CN: AUTH_REQUIRED → 请先登录" name="Sprint 16: miniapp 端 i18n 错误码 → 本地化文案 zh-CN: AUTH_REQUIRED → 请先登录" time="0">
    </testcase>
    <testcase classname="Sprint 16: miniapp 端 i18n 错误码 → 本地化文案 en-US: AUTH_REQUIRED → Please sign in first" name="Sprint 16: miniapp 端 i18n 错误码 → 本地化文案 en-US: AUTH_REQUIRED → Please sign in first" time="0">
    </testcase>
    <testcase classname="Sprint 16: miniapp 端 i18n 错误码 → 本地化文案 ja-JP: AUTH_REQUIRED 含「ログイン」" name="Sprint 16: miniapp 端 i18n 错误码 → 本地化文案 ja-JP: AUTH_REQUIRED 含「ログイン」" time="0.001">
    </testcase>
    <testcase classname="Sprint 16: miniapp 端 i18n 错误码 → 本地化文案 RISK_REJECT 三语" name="Sprint 16: miniapp 端 i18n 错误码 → 本地化文案 RISK_REJECT 三语" time="0.001">
    </testcase>
    <testcase classname="Sprint 16: miniapp 端 i18n 错误码 → 本地化文案 RISK_PENDING 三语" name="Sprint 16: miniapp 端 i18n 错误码 → 本地化文案 RISK_PENDING 三语" time="0.004">
    </testcase>
    <testcase classname="Sprint 16: miniapp 端 i18n 错误码 → 本地化文案 ORDER_NOT_FOUND 三语" name="Sprint 16: miniapp 端 i18n 错误码 → 本地化文案 ORDER_NOT_FOUND 三语" time="0.001">
    </testcase>
    <testcase classname="Sprint 16: miniapp 端 i18n 错误码 → 本地化文案 覆盖所有 Sprint 14 RISK_* 码" name="Sprint 16: miniapp 端 i18n 错误码 → 本地化文案 覆盖所有 Sprint 14 RISK_* 码" time="0">
    </testcase>
    <testcase classname="Sprint 16: miniapp 端 i18n 错误码 → 本地化文案 覆盖核心错误码（≥ 30 个）" name="Sprint 16: miniapp 端 i18n 错误码 → 本地化文案 覆盖核心错误码（≥ 30 个）" time="0">
    </testcase>
    <testcase classname="Sprint 16: miniapp 端 i18n 错误码 → 本地化文案 未知 code → 返回 code 字面量" name="Sprint 16: miniapp 端 i18n 错误码 → 本地化文案 未知 code → 返回 code 字面量" time="0">
    </testcase>
    <testcase classname="Sprint 16: miniapp 端 i18n 错误码 → 本地化文案 空 code → 返回空字符串" name="Sprint 16: miniapp 端 i18n 错误码 → 本地化文案 空 code → 返回空字符串" time="0.001">
    </testcase>
    <testcase classname="Sprint 16: miniapp 端 i18n 业务文案 t() OPERATION_SUCCESS 三语" name="Sprint 16: miniapp 端 i18n 业务文案 t() OPERATION_SUCCESS 三语" time="0">
    </testcase>
    <testcase classname="Sprint 16: miniapp 端 i18n 业务文案 t() LOADING zh-CN" name="Sprint 16: miniapp 端 i18n 业务文案 t() LOADING zh-CN" time="0">
    </testcase>
    <testcase classname="Sprint 16: miniapp 端 i18n 业务文案 t() NETWORK_ERROR 三语" name="Sprint 16: miniapp 端 i18n 业务文案 t() NETWORK_ERROR 三语" time="0">
    </testcase>
    <testcase classname="Sprint 16: miniapp 端 i18n 业务文案 t() 未注册 key → 返回原 key" name="Sprint 16: miniapp 端 i18n 业务文案 t() 未注册 key → 返回原 key" time="0">
    </testcase>
    <testcase classname="Sprint 16: miniapp 端 i18n 缺翻译降级 未支持 locale → 降级为 zh-CN" name="Sprint 16: miniapp 端 i18n 缺翻译降级 未支持 locale → 降级为 zh-CN" time="0">
    </testcase>
    <testcase classname="Sprint 16: miniapp 端 i18n 缺翻译降级 getErrorMessage 不传 locale 使用 currentLocale" name="Sprint 16: miniapp 端 i18n 缺翻译降级 getErrorMessage 不传 locale 使用 currentLocale" time="0">
    </testcase>
    <testcase classname="Sprint 16: miniapp 端 i18n Locale 切换与持久化 setLocale 切换后 t() 立即生效" name="Sprint 16: miniapp 端 i18n Locale 切换与持久化 setLocale 切换后 t() 立即生效" time="0.001">
    </testcase>
    <testcase classname="Sprint 16: miniapp 端 i18n Locale 切换与持久化 setLocale 持久化到 storage" name="Sprint 16: miniapp 端 i18n Locale 切换与持久化 setLocale 持久化到 storage" time="0">
    </testcase>
    <testcase classname="Sprint 16: miniapp 端 i18n Locale 切换与持久化 setLocale 不支持的值返回 false" name="Sprint 16: miniapp 端 i18n Locale 切换与持久化 setLocale 不支持的值返回 false" time="0">
    </testcase>
    <testcase classname="Sprint 16: miniapp 端 i18n Locale 切换与持久化 setLocale 支持 zh-CN / en-US / ja-JP" name="Sprint 16: miniapp 端 i18n Locale 切换与持久化 setLocale 支持 zh-CN / en-US / ja-JP" time="0">
    </testcase>
    <testcase classname="Sprint 16: miniapp 端 i18n resolveCloudErrorMessage res.message 优先" name="Sprint 16: miniapp 端 i18n resolveCloudErrorMessage res.message 优先" time="0.001">
    </testcase>
    <testcase classname="Sprint 16: miniapp 端 i18n resolveCloudErrorMessage 无 message 时用 error.type → i18n" name="Sprint 16: miniapp 端 i18n resolveCloudErrorMessage 无 message 时用 error.type → i18n" time="0">
    </testcase>
    <testcase classname="Sprint 16: miniapp 端 i18n resolveCloudErrorMessage 无 error 时兜底为 OPERATION_FAILED" name="Sprint 16: miniapp 端 i18n resolveCloudErrorMessage 无 error 时兜底为 OPERATION_FAILED" time="0">
    </testcase>
    <testcase classname="Sprint 16: miniapp 端 i18n resolveCloudErrorMessage 空 res 返回空字符串" name="Sprint 16: miniapp 端 i18n resolveCloudErrorMessage 空 res 返回空字符串" time="0">
    </testcase>
    <testcase classname="Sprint 16: miniapp 端 i18n applyCustomOverrides 优先级 覆盖 error code 翻译" name="Sprint 16: miniapp 端 i18n applyCustomOverrides 优先级 覆盖 error code 翻译" time="0.003">
    </testcase>
    <testcase classname="Sprint 16: miniapp 端 i18n applyCustomOverrides 优先级 覆盖后其他 locale 不受影响" name="Sprint 16: miniapp 端 i18n applyCustomOverrides 优先级 覆盖后其他 locale 不受影响" time="0">
    </testcase>
    <testcase classname="Sprint 16: miniapp 端 i18n applyCustomOverrides 优先级 覆盖 BIZ 文案" name="Sprint 16: miniapp 端 i18n applyCustomOverrides 优先级 覆盖 BIZ 文案" time="0">
    </testcase>
    <testcase classname="Sprint 16: miniapp 端 i18n applyCustomOverrides 优先级 覆盖可清空（重新 apply 空对象）" name="Sprint 16: miniapp 端 i18n applyCustomOverrides 优先级 覆盖可清空（重新 apply 空对象）" time="0">
    </testcase>
    <testcase classname="Sprint 16: miniapp 端 i18n 与云端 errors-i18n.ts 兼容 云端字典的 key 在 miniapp 端都有" name="Sprint 16: miniapp 端 i18n 与云端 errors-i18n.ts 兼容 云端字典的 key 在 miniapp 端都有" time="0.002">
    </testcase>
    <testcase classname="Sprint 16: miniapp 端 i18n 与云端 errors-i18n.ts 兼容 共同覆盖的 code 文案一致" name="Sprint 16: miniapp 端 i18n 与云端 errors-i18n.ts 兼容 共同覆盖的 code 文案一致" time="0.001">
    </testcase>
    <testcase classname="Sprint 16: miniapp 端 i18n 鲁棒性 getErrorMessage 传入 null code 不抛错" name="Sprint 16: miniapp 端 i18n 鲁棒性 getErrorMessage 传入 null code 不抛错" time="0">
    </testcase>
    <testcase classname="Sprint 16: miniapp 端 i18n 鲁棒性 getErrorMessage 传入 undefined code 不抛错" name="Sprint 16: miniapp 端 i18n 鲁棒性 getErrorMessage 传入 undefined code 不抛错" time="0">
    </testcase>
    <testcase classname="Sprint 16: miniapp 端 i18n 鲁棒性 t 传入 null locale 不抛错" name="Sprint 16: miniapp 端 i18n 鲁棒性 t 传入 null locale 不抛错" time="0">
    </testcase>
    <testcase classname="Sprint 16: miniapp 端 i18n 鲁棒性 applyCustomOverrides 传 null 不抛错" name="Sprint 16: miniapp 端 i18n 鲁棒性 applyCustomOverrides 传 null 不抛错" time="0">
    </testcase>
    <testcase classname="Sprint 16: miniapp 端 i18n 鲁棒性 applyCustomOverrides 传非对象不抛错" name="Sprint 16: miniapp 端 i18n 鲁棒性 applyCustomOverrides 传非对象不抛错" time="0">
    </testcase>
  </testsuite>
  <testsuite name="common/middleware" errors="0" failures="0" skipped="0" timestamp="2026-06-06T05:37:36" time="0.237" tests="17">
    <testcase classname="common/middleware withMiddleware 成功路径：业务返回值原样返回，metrics success" name="common/middleware withMiddleware 成功路径：业务返回值原样返回，metrics success" time="0.016">
    </testcase>
    <testcase classname="common/middleware withMiddleware 业务抛 BusinessError：metrics 失败 + alert 触发" name="common/middleware withMiddleware 业务抛 BusinessError：metrics 失败 + alert 触发" time="0.032">
    </testcase>
    <testcase classname="common/middleware withMiddleware 业务抛普通 Error：alert.notify 不会被调用（不在 SEVERE 列表）" name="common/middleware withMiddleware 业务抛普通 Error：alert.notify 不会被调用（不在 SEVERE 列表）" time="0.001">
    </testcase>
    <testcase classname="common/middleware withMiddleware 显式 action 覆盖 event.action" name="common/middleware withMiddleware 显式 action 覆盖 event.action" time="0">
    </testcase>
    <testcase classname="common/middleware withMiddleware 缺 service / handler → 立即抛错" name="common/middleware withMiddleware 缺 service / handler → 立即抛错" time="0.002">
    </testcase>
    <testcase classname="common/middleware withMiddleware 慢调用 → alert.notify(INTERNAL_ERROR, ...)" name="common/middleware withMiddleware 慢调用 → alert.notify(INTERNAL_ERROR, ...)" time="0.083">
    </testcase>
    <testcase classname="common/middleware withMiddleware enableMetrics=false：不打 metrics" name="common/middleware withMiddleware enableMetrics=false：不打 metrics" time="0.001">
    </testcase>
    <testcase classname="common/middleware withMiddleware enableAlert=false：失败时不调 alert" name="common/middleware withMiddleware enableAlert=false：失败时不调 alert" time="0">
    </testcase>
    <testcase classname="common/middleware withMiddleware verifyAuth 自定义：auth 对象传递给 handler" name="common/middleware withMiddleware verifyAuth 自定义：auth 对象传递给 handler" time="0.002">
    </testcase>
    <testcase classname="common/middleware withMiddleware 无 verifyAuth：auth 默认从 event.openid 取" name="common/middleware withMiddleware 无 verifyAuth：auth 默认从 event.openid 取" time="0">
    </testcase>
    <testcase classname="common/middleware withMiddleware logger.info / warn 被调用" name="common/middleware withMiddleware logger.info / warn 被调用" time="0.002">
    </testcase>
    <testcase classname="common/middleware composeMain 路由到对应 handler" name="common/middleware composeMain 路由到对应 handler" time="0.001">
    </testcase>
    <testcase classname="common/middleware composeMain 未知 action：抛 UNKNOWN_ACTION" name="common/middleware composeMain 未知 action：抛 UNKNOWN_ACTION" time="0.001">
    </testcase>
    <testcase classname="common/middleware composeMain 缺 action：抛 UNKNOWN_ACTION" name="common/middleware composeMain 缺 action：抛 UNKNOWN_ACTION" time="0">
    </testcase>
    <testcase classname="common/middleware composeMain onUnknown 自定义：可定制未知名 action 行为" name="common/middleware composeMain onUnknown 自定义：可定制未知名 action 行为" time="0">
    </testcase>
    <testcase classname="common/middleware composeMain composeMain 缺 service / handlers → 立即抛错" name="common/middleware composeMain composeMain 缺 service / handlers → 立即抛错" time="0.004">
    </testcase>
    <testcase classname="common/middleware composeMain composeMain 仍走 metrics 路径" name="common/middleware composeMain composeMain 仍走 metrics 路径" time="0">
    </testcase>
  </testsuite>
  <testsuite name="Sprint 14: 团长邀请关系子链路" errors="0" failures="0" skipped="0" timestamp="2026-06-06T05:37:36" time="0.239" tests="16">
[...]
      <skipped/>
    </testcase>
  </testsuite>
  <testsuite name="orderService/orders" errors="0" failures="0" skipped="0" timestamp="2026-06-06T05:37:38" time="0.233" tests="10">
    <testcase classname="orderService/orders calculatePrice 基础计算：100元/天 × 3天 × 1只 = 300元" name="orderService/orders calculatePrice 基础计算：100元/天 × 3天 × 1只 = 300元" time="0.002">
    </testcase>
    <testcase classname="orderService/orders calculatePrice 多只宠物：100元/天 × 2天 × 3只 = 600元" name="orderService/orders calculatePrice 多只宠物：100元/天 × 2天 × 3只 = 600元" time="0">
    </testcase>
    <testcase classname="orderService/orders calculatePrice 缺 hostId 应抛 BusinessError" name="orderService/orders calculatePrice 缺 hostId 应抛 BusinessError" time="0.001">
    </testcase>
    <testcase classname="orderService/orders calculatePrice 不存在的 hostId 应抛 NOT_FOUND" name="orderService/orders calculatePrice 不存在的 hostId 应抛 NOT_FOUND" time="0">
    </testcase>
    <testcase classname="orderService/orders checkDateAvailability 无冲突日期返回 available=true" name="orderService/orders checkDateAvailability 无冲突日期返回 available=true" time="0">
    </testcase>
    <testcase classname="orderService/orders checkDateAvailability 完全重叠的订单返回 available=false" name="orderService/orders checkDateAvailability 完全重叠的订单返回 available=false" time="0">
    </testcase>
    <testcase classname="orderService/orders checkDateAvailability 部分重叠的订单返回 available=false" name="orderService/orders checkDateAvailability 部分重叠的订单返回 available=false" time="0">
    </testcase>
    <testcase classname="orderService/orders checkDateAvailability 连续但不重叠的订单返回 available=true" name="orderService/orders checkDateAvailability 连续但不重叠的订单返回 available=true" time="0.001">
    </testcase>
    <testcase classname="orderService/orders checkDateAvailability 缺日期参数应返回 available=false" name="orderService/orders checkDateAvailability 缺日期参数应返回 available=false" time="0">
    </testcase>
    <testcase classname="orderService/orders checkDateAvailability 已完成（completed）的订单不阻塞" name="orderService/orders checkDateAvailability 已完成（completed）的订单不阻塞" time="0.001">
    </testcase>
  </testsuite>
  <testsuite name="common/logger" errors="0" failures="0" skipped="0" timestamp="2026-06-06T05:37:38" time="0.224" tests="14">
    <testcase classname="common/logger logger.info 应输出到 console.log 并带时间戳前缀" name="common/logger logger.info 应输出到 console.log 并带时间戳前缀" time="0.001">
    </testcase>
    <testcase classname="common/logger logger.debug DEBUG 级别开启时应输出" name="common/logger logger.debug DEBUG 级别开启时应输出" time="0.002">
    </testcase>
    <testcase classname="common/logger logger.debug 提升到 INFO 级别后 DEBUG 不应输出" name="common/logger logger.debug 提升到 INFO 级别后 DEBUG 不应输出" time="0.009">
    </testcase>
    <testcase classname="common/logger logger.warn 应输出到 console.warn" name="common/logger logger.warn 应输出到 console.warn" time="0.001">
    </testcase>
    <testcase classname="common/logger logger.error 应输出 message / name / stack" name="common/logger logger.error 应输出 message / name / stack" time="0.116">
    </testcase>
    <testcase classname="common/logger logger.errorWithContext 应附加 context 字段" name="common/logger logger.errorWithContext 应附加 context 字段" time="0">
    </testcase>
    <testcase classname="common/logger logger.performance 应输出 duration 字段" name="common/logger logger.performance 应输出 duration 字段" time="0">
    </testcase>
    <testcase classname="common/logger logger.database 应输出 collection / operation / result" name="common/logger logger.database 应输出 collection / operation / result" time="0.014">
    </testcase>
    <testcase classname="common/logger createLogger 应返回绑定了 serviceName 的 logger" name="common/logger createLogger 应返回绑定了 serviceName 的 logger" time="0.004">
    </testcase>
    <testcase classname="common/logger createLogger 应支持所有方法" name="common/logger createLogger 应支持所有方法" time="0.001">
    </testcase>
    <testcase classname="common/logger setLogLevel / getLogLevel setLogLevel 应改变 getLogLevel 返回值" name="common/logger setLogLevel / getLogLevel setLogLevel 应改变 getLogLevel 返回值" time="0">
    </testcase>
    <testcase classname="common/logger setLogLevel / getLogLevel WARN 级别时 INFO 不应输出" name="common/logger setLogLevel / getLogLevel WARN 级别时 INFO 不应输出" time="0.001">
    </testcase>
    <testcase classname="common/logger setLogLevel / getLogLevel ERROR 级别时 WARN 不应输出" name="common/logger setLogLevel / getLogLevel ERROR 级别时 WARN 不应输出" time="0">
    </testcase>
    <testcase classname="common/logger LOG_LEVELS 常量 应包含 4 个标准级别" name="common/logger LOG_LEVELS 常量 应包含 4 个标准级别" time="0">
    </testcase>
  </testsuite>
  <testsuite name="Sprint 18: 业务代码 isBusinessError 迁移" errors="0" failures="0" skipped="0" timestamp="2026-06-06T05:37:38" time="0.093" tests="14">
    <testcase classname="Sprint 18: 业务代码 isBusinessError 迁移 静态检查 - 源码含 isBusinessError 调用 refund.ts 应导入并使用 isBusinessError" name="Sprint 18: 业务代码 isBusinessError 迁移 静态检查 - 源码含 isBusinessError 调用 refund.ts 应导入并使用 isBusinessError" time="0">
    </testcase>
    <testcase classname="Sprint 18: 业务代码 isBusinessError 迁移 静态检查 - 源码含 isBusinessError 调用 refund.js 编译产物应保留 isBusinessError 引用" name="Sprint 18: 业务代码 isBusinessError 迁移 静态检查 - 源码含 isBusinessError 调用 refund.js 编译产物应保留 isBusinessError 引用" time="0.001">
    </testcase>
    <testcase classname="Sprint 18: 业务代码 isBusinessError 迁移 静态检查 - 源码含 isBusinessError 调用 orders.js 应导入并使用 isBusinessError" name="Sprint 18: 业务代码 isBusinessError 迁移 静态检查 - 源码含 isBusinessError 调用 orders.js 应导入并使用 isBusinessError" time="0">
    </testcase>
    <testcase classname="Sprint 18: 业务代码 isBusinessError 迁移 静态检查 - 源码含 isBusinessError 调用 refund.js 不应残留裸 e.code === &quot;X&quot; 字符串判断" name="Sprint 18: 业务代码 isBusinessError 迁移 静态检查 - 源码含 isBusinessError 调用 refund.js 不应残留裸 e.code === &quot;X&quot; 字符串判断" time="0.001">
    </testcase>
    <testcase classname="Sprint 18: 业务代码 isBusinessError 迁移 静态检查 - 源码含 isBusinessError 调用 orders.js 不应残留裸 e.code === &quot;X&quot; 字符串判断" name="Sprint 18: 业务代码 isBusinessError 迁移 静态检查 - 源码含 isBusinessError 调用 orders.js 不应残留裸 e.code === &quot;X&quot; 字符串判断" time="0">
    </testcase>
    <testcase classname="Sprint 18: 业务代码 isBusinessError 迁移 行为验证 - 业务代码使用 isBusinessError 后的语义 isBusinessError 正确识别 RATE_LIMITED" name="Sprint 18: 业务代码 isBusinessError 迁移 行为验证 - 业务代码使用 isBusinessError 后的语义 isBusinessError 正确识别 RATE_LIMITED" time="0">
    </testcase>
    <testcase classname="Sprint 18: 业务代码 isBusinessError 迁移 行为验证 - 业务代码使用 isBusinessError 后的语义 isBusinessError 正确识别 RISK_REJECT" name="Sprint 18: 业务代码 isBusinessError 迁移 行为验证 - 业务代码使用 isBusinessError 后的语义 isBusinessError 正确识别 RISK_REJECT" time="0">
    </testcase>
    <testcase classname="Sprint 18: 业务代码 isBusinessError 迁移 行为验证 - 业务代码使用 isBusinessError 后的语义 isBusinessError 正确识别 DUPLICATE_KEY" name="Sprint 18: 业务代码 isBusinessError 迁移 行为验证 - 业务代码使用 isBusinessError 后的语义 isBusinessError 正确识别 DUPLICATE_KEY" time="0">
    </testcase>
    <testcase classname="Sprint 18: 业务代码 isBusinessError 迁移 行为验证 - 业务代码使用 isBusinessError 后的语义 普通 Error 不被误判为 BusinessError" name="Sprint 18: 业务代码 isBusinessError 迁移 行为验证 - 业务代码使用 isBusinessError 后的语义 普通 Error 不被误判为 BusinessError" time="0">
    </testcase>
    <testcase classname="Sprint 18: 业务代码 isBusinessError 迁移 行为验证 - 业务代码使用 isBusinessError 后的语义 mockdb add 抛 BusinessError DUPLICATE_KEY 时，isBusinessError 守卫命中" name="Sprint 18: 业务代码 isBusinessError 迁移 行为验证 - 业务代码使用 isBusinessError 后的语义 mockdb add 抛 BusinessError DUPLICATE_KEY 时，isBusinessError 守卫命中" time="0">
    </testcase>
    <testcase classname="Sprint 18: 业务代码 isBusinessError 迁移 行为验证 - 业务代码使用 isBusinessError 后的语义 withRateLimit 抛 RATE_LIMITED 时，isBusinessError 守卫透传" name="Sprint 18: 业务代码 isBusinessError 迁移 行为验证 - 业务代码使用 isBusinessError 后的语义 withRateLimit 抛 RATE_LIMITED 时，isBusinessError 守卫透传" time="0">
    </testcase>
    <testcase classname="Sprint 18: 业务代码 isBusinessError 迁移 回归验证 - RATE_LIMITED / RISK_REJECT 透传链 RATE_LIMITED 透传到 toResponse 仍保持 code 标识" name="Sprint 18: 业务代码 isBusinessError 迁移 回归验证 - RATE_LIMITED / RISK_REJECT 透传链 RATE_LIMITED 透传到 toResponse 仍保持 code 标识" time="0">
    </testcase>
    <testcase classname="Sprint 18: 业务代码 isBusinessError 迁移 回归验证 - RATE_LIMITED / RISK_REJECT 透传链 RISK_REJECT 透传到 toResponse 仍保持 code 标识" name="Sprint 18: 业务代码 isBusinessError 迁移 回归验证 - RATE_LIMITED / RISK_REJECT 透传链 RISK_REJECT 透传到 toResponse 仍保持 code 标识" time="0.001">
    </testcase>
    <testcase classname="Sprint 18: 业务代码 isBusinessError 迁移 回归验证 - RATE_LIMITED / RISK_REJECT 透传链 isBusinessError 对 isBusinessError(e) 短路求值 - 普通 Error 不会触发 throw" name="Sprint 18: 业务代码 isBusinessError 迁移 回归验证 - RATE_LIMITED / RISK_REJECT 透传链 isBusinessError 对 isBusinessError(e) 短路求值 - 普通 Error 不会触发 throw" time="0">
    </testcase>
  </testsuite>
  <testsuite name="Sprint 16+: auth-middleware.ts 迁移" errors="0" failures="0" skipped="0" timestamp="2026-06-06T05:37:38" time="0.153" tests="19">
    <testcase classname="Sprint 16+: auth-middleware.ts 迁移 源文件 / 编译产物 auth-middleware.ts 源文件存在" name="Sprint 16+: auth-middleware.ts 迁移 源文件 / 编译产物 auth-middleware.ts 源文件存在" time="0.001">
    </testcase>
    <testcase classname="Sprint 16+: auth-middleware.ts 迁移 源文件 / 编译产物 auth-middleware.js 编译产物存在" name="Sprint 16+: auth-middleware.ts 迁移 源文件 / 编译产物 auth-middleware.js 编译产物存在" time="0">
    </testcase>
    <testcase classname="Sprint 16+: auth-middleware.ts 迁移 源文件 / 编译产物 auth-middleware.d.ts 类型声明存在" name="Sprint 16+: auth-middleware.ts 迁移 源文件 / 编译产物 auth-middleware.d.ts 类型声明存在" time="0">
    </testcase>
    <testcase classname="Sprint 16+: auth-middleware.ts 迁移 源文件 / 编译产物 产物导出 verifyAuth" name="Sprint 16+: auth-middleware.ts 迁移 源文件 / 编译产物 产物导出 verifyAuth" time="0.002">
    </testcase>
    <testcase classname="Sprint 16+: auth-middleware.ts 迁移 类型签名（.ts / .d.ts 层面） 导出 VerifyAuthOptions 接口" name="Sprint 16+: auth-middleware.ts 迁移 类型签名（.ts / .d.ts 层面） 导出 VerifyAuthOptions 接口" time="0.001">
    </testcase>
    <testcase classname="Sprint 16+: auth-middleware.ts 迁移 类型签名（.ts / .d.ts 层面） 导出 AuthResult 类型" name="Sprint 16+: auth-middleware.ts 迁移 类型签名（.ts / .d.ts 层面） 导出 AuthResult 类型" time="0">
    </testcase>
    <testcase classname="Sprint 16+: auth-middleware.ts 迁移 类型签名（.ts / .d.ts 层面） 导出 BasicAuthResult 接口" name="Sprint 16+: auth-middleware.ts 迁移 类型签名（.ts / .d.ts 层面） 导出 BasicAuthResult 接口" time="0">
    </testcase>
    <testcase classname="Sprint 16+: auth-middleware.ts 迁移 类型签名（.ts / .d.ts 层面） 导出 PartnerAuthResult 接口" name="Sprint 16+: auth-middleware.ts 迁移 类型签名（.ts / .d.ts 层面） 导出 PartnerAuthResult 接口" time="0">
    </testcase>
    <testcase classname="Sprint 16+: auth-middleware.ts 迁移 类型签名（.ts / .d.ts 层面） permission 字段类型为 string | null" name="Sprint 16+: auth-middleware.ts 迁移 类型签名（.ts / .d.ts 层面） permission 字段类型为 string | null" time="0.001">
    </testcase>
    <testcase classname="Sprint 16+: auth-middleware.ts 迁移 运行时行为（requireLogin） openid 存在 + requireLogin=true（默认）→ 返回 { openid }" name="Sprint 16+: auth-middleware.ts 迁移 运行时行为（requireLogin） openid 存在 + requireLogin=true（默认）→ 返回 { openid }" time="0.001">
    </testcase>
    <testcase classname="Sprint 16+: auth-middleware.ts 迁移 运行时行为（requireLogin） openid 缺失 + requireLogin=true → 抛 AUTH_REQUIRED" name="Sprint 16+: auth-middleware.ts 迁移 运行时行为（requireLogin） openid 缺失 + requireLogin=true → 抛 AUTH_REQUIRED" time="0.002">
    </testcase>
    <testcase classname="Sprint 16+: auth-middleware.ts 迁移 运行时行为（requireLogin） openid 缺失 + requireLogin=false → 返回 { openid: &quot;&quot; }" name="Sprint 16+: auth-middleware.ts 迁移 运行时行为（requireLogin） openid 缺失 + requireLogin=false → 返回 { openid: &quot;&quot; }" time="0">
    </testcase>
    <testcase classname="Sprint 16+: auth-middleware.ts 迁移 运行时行为（permission → 需 partner） admin.status !== active → 抛 PARTNER_REQUIRED" name="Sprint 16+: auth-middleware.ts 迁移 运行时行为（permission → 需 partner） admin.status !== active → 抛 PARTNER_REQUIRED" time="0.001">
    </testcase>
    <testcase classname="Sprint 16+: auth-middleware.ts 迁移 运行时行为（permission → 需 partner） admin.status=active + isPartner=true → 返回 partner 信息" name="Sprint 16+: auth-middleware.ts 迁移 运行时行为（permission → 需 partner） admin.status=active + isPartner=true → 返回 partner 信息" time="0.001">
    </testcase>
    <testcase classname="Sprint 16+: auth-middleware.ts 迁移 运行时行为（permission → 需 partner） admin 缺 isPartner 字段 → 抛 PARTNER_REQUIRED" name="Sprint 16+: auth-middleware.ts 迁移 运行时行为（permission → 需 partner） admin 缺 isPartner 字段 → 抛 PARTNER_REQUIRED" time="0.004">
    </testcase>
    <testcase classname="Sprint 16+: auth-middleware.ts 迁移 运行时行为（permission → 需 partner） admin 缺失（admins 集合无记录）→ 抛 PARTNER_REQUIRED" name="Sprint 16+: auth-middleware.ts 迁移 运行时行为（permission → 需 partner） admin 缺失（admins 集合无记录）→ 抛 PARTNER_REQUIRED" time="0.001">
    </testcase>
    <testcase classname="Sprint 16+: auth-middleware.ts 迁移 运行时行为（permission → 需 partner） isPartner=false → 抛 PARTNER_REQUIRED" name="Sprint 16+: auth-middleware.ts 迁移 运行时行为（permission → 需 partner） isPartner=false → 抛 PARTNER_REQUIRED" time="0.001">
    </testcase>
    <testcase classname="Sprint 16+: auth-middleware.ts 迁移 向后兼容（与原 .js 一致） 默认 requireLogin=true（与原行为一致）" name="Sprint 16+: auth-middleware.ts 迁移 向后兼容（与原 .js 一致） 默认 requireLogin=true（与原行为一致）" time="0">
    </testcase>
    <testcase classname="Sprint 16+: auth-middleware.ts 迁移 向后兼容（与原 .js 一致） admins 集合查询异常 → 视作无 admin 记录（兜底）" name="Sprint 16+: auth-middleware.ts 迁移 向后兼容（与原 .js 一致） admins 集合查询异常 → 视作无 admin 记录（兜底）" time="0.003">
    </testcase>
  </testsuite>
  <testsuite name="Sprint 25: paymentService/pay TypeScript 迁移" errors="0" failures="0" skipped="0" timestamp="2026-06-06T05:37:34" time="5.175" tests="25">
    <testcase classname="Sprint 25: paymentService/pay TypeScript 迁移 1. 文件存在性 pay.ts 源文件应存在" name="Sprint 25: paymentService/pay TypeScript 迁移 1. 文件存在性 pay.ts 源文件应存在" time="0.007">
    </testcase>
    <testcase classname="Sprint 25: paymentService/pay TypeScript 迁移 1. 文件存在性 pay.d.ts 类型声明应存在" name="Sprint 25: paymentService/pay TypeScript 迁移 1. 文件存在性 pay.d.ts 类型声明应存在" time="0.001">
    </testcase>
    <testcase classname="Sprint 25: paymentService/pay TypeScript 迁移 1. 文件存在性 pay.js 编译产物应存在" name="Sprint 25: paymentService/pay TypeScript 迁移 1. 文件存在性 pay.js 编译产物应存在" time="0">
    </testcase>
    <testcase classname="Sprint 25: paymentService/pay TypeScript 迁移 1. 文件存在性 tsconfig.paymentService.json 应存在" name="Sprint 25: paymentService/pay TypeScript 迁移 1. 文件存在性 tsconfig.paymentService.json 应存在" time="0.001">
    </testcase>
    <testcase classname="Sprint 25: paymentService/pay TypeScript 迁移 2. tsconfig.paymentService.json 配置 strict 模式开启" name="Sprint 25: paymentService/pay TypeScript 迁移 2. tsconfig.paymentService.json 配置 strict 模式开启" time="0.012">
    </testcase>
    <testcase classname="Sprint 25: paymentService/pay TypeScript 迁移 2. tsconfig.paymentService.json 配置 noImplicitAny 开启" name="Sprint 25: paymentService/pay TypeScript 迁移 2. tsconfig.paymentService.json 配置 noImplicitAny 开启" time="0">
    </testcase>
    <testcase classname="Sprint 25: paymentService/pay TypeScript 迁移 2. tsconfig.paymentService.json 配置 strictNullChecks 开启" name="Sprint 25: paymentService/pay TypeScript 迁移 2. tsconfig.paymentService.json 配置 strictNullChecks 开启" time="0">
    </testcase>
    <testcase classname="Sprint 25: paymentService/pay TypeScript 迁移 2. tsconfig.paymentService.json 配置 declaration 开启（生成 .d.ts）" name="Sprint 25: paymentService/pay TypeScript 迁移 2. tsconfig.paymentService.json 配置 declaration 开启（生成 .d.ts）" time="0">
    </testcase>
    <testcase classname="Sprint 25: paymentService/pay TypeScript 迁移 2. tsconfig.paymentService.json 配置 include 包含 pay.ts（Sprint 25 扩展）" name="Sprint 25: paymentService/pay TypeScript 迁移 2. tsconfig.paymentService.json 配置 include 包含 pay.ts（Sprint 25 扩展）" time="0.001">
    </testcase>
    <testcase classname="Sprint 25: paymentService/pay TypeScript 迁移 2. tsconfig.paymentService.json 配置 include 仍包含 refund.ts（回归）" name="Sprint 25: paymentService/pay TypeScript 迁移 2. tsconfig.paymentService.json 配置 include 仍包含 refund.ts（回归）" time="0">
    </testcase>
    <testcase classname="Sprint 25: paymentService/pay TypeScript 迁移 3. pay.ts 源文件内容 注释中标注 &quot;Sprint 25 迁移&quot;" name="Sprint 25: paymentService/pay TypeScript 迁移 3. pay.ts 源文件内容 注释中标注 &quot;Sprint 25 迁移&quot;" time="0">
    </testcase>
    <testcase classname="Sprint 25: paymentService/pay TypeScript 迁移 3. pay.ts 源文件内容 使用 withErrorHandling 包装 handler" name="Sprint 25: paymentService/pay TypeScript 迁移 3. pay.ts 源文件内容 使用 withErrorHandling 包装 handler" time="0">
    </testcase>
    <testcase classname="Sprint 25: paymentService/pay TypeScript 迁移 3. pay.ts 源文件内容 使用 WrappedHandler 强类型" name="Sprint 25: paymentService/pay TypeScript 迁移 3. pay.ts 源文件内容 使用 WrappedHandler 强类型" time="0.001">
    </testcase>
    <testcase classname="Sprint 25: paymentService/pay TypeScript 迁移 3. pay.ts 源文件内容 从 common/errors 导入 err / isBusinessError / WrappedHandler" name="Sprint 25: paymentService/pay TypeScript 迁移 3. pay.ts 源文件内容 从 common/errors 导入 err / isBusinessError / WrappedHandler" time="0">
    </testcase>
    <testcase classname="Sprint 25: paymentService/pay TypeScript 迁移 3. pay.ts 源文件内容 从 common/risk-rate-limit 导入 withRateLimit" name="Sprint 25: paymentService/pay TypeScript 迁移 3. pay.ts 源文件内容 从 common/risk-rate-limit 导入 withRateLimit" time="0">
    </testcase>
    <testcase classname="Sprint 25: paymentService/pay TypeScript 迁移 3. pay.ts 源文件内容 从 common/types 导入 CloudBaseDB 类型" name="Sprint 25: paymentService/pay TypeScript 迁移 3. pay.ts 源文件内容 从 common/types 导入 CloudBaseDB 类型" time="0">
    </testcase>
    <testcase classname="Sprint 25: paymentService/pay TypeScript 迁移 3. pay.ts 源文件内容 包含 4 个 handler：createPayment / queryPayment / closePayment / confirmPayment" name="Sprint 25: paymentService/pay TypeScript 迁移 3. pay.ts 源文件内容 包含 4 个 handler：createPayment / queryPayment / closePayment / confirmPayment" time="0">
    </testcase>
    <testcase classname="Sprint 25: paymentService/pay TypeScript 迁移 3. pay.ts 源文件内容 不再调用 handleSuccess（已迁移为 withErrorHandling）" name="Sprint 25: paymentService/pay TypeScript 迁移 3. pay.ts 源文件内容 不再调用 handleSuccess（已迁移为 withErrorHandling）" time="0">
    </testcase>
    <testcase classname="Sprint 25: paymentService/pay TypeScript 迁移 4. pay.d.ts 类型声明 包含 4 个 WrappedHandler&lt;T&gt; 强类型导出" name="Sprint 25: paymentService/pay TypeScript 迁移 4. pay.d.ts 类型声明 包含 4 个 WrappedHandler&lt;T&gt; 强类型导出" time="0">
    </testcase>
    <testcase classname="Sprint 25: paymentService/pay TypeScript 迁移 4. pay.d.ts 类型声明 未在 top-level 使用 any 类型" name="Sprint 25: paymentService/pay TypeScript 迁移 4. pay.d.ts 类型声明 未在 top-level 使用 any 类型" time="0.001">
    </testcase>
    <testcase classname="Sprint 25: paymentService/pay TypeScript 迁移 5. pay.js 编译产物（结构与 require 解析） 头部包含 /* eslint-disable */ 标记（构建产物）" name="Sprint 25: paymentService/pay TypeScript 迁移 5. pay.js 编译产物（结构与 require 解析） 头部包含 /* eslint-disable */ 标记（构建产物）" time="0">
    </testcase>
    <testcase classname="Sprint 25: paymentService/pay TypeScript 迁移 5. pay.js 编译产物（结构与 require 解析） 导出 4 个 handler" name="Sprint 25: paymentService/pay TypeScript 迁移 5. pay.js 编译产物（结构与 require 解析） 导出 4 个 handler" time="0">
    </testcase>
    <testcase classname="Sprint 25: paymentService/pay TypeScript 迁移 5. pay.js 编译产物（结构与 require 解析） require 路径在 cloudfunctions 内部可解析" name="Sprint 25: paymentService/pay TypeScript 迁移 5. pay.js 编译产物（结构与 require 解析） require 路径在 cloudfunctions 内部可解析" time="0.006">
    </testcase>
    <testcase classname="Sprint 25: paymentService/pay TypeScript 迁移 6. paymentService/index.js 兼容（消费 .js 编译产物） paymentService/index.js 仍 require ./services/pay" name="Sprint 25: paymentService/pay TypeScript 迁移 6. paymentService/index.js 兼容（消费 .js 编译产物） paymentService/index.js 仍 require ./services/pay" time="0">
    </testcase>
    <testcase classname="Sprint 25: paymentService/pay TypeScript 迁移 7. 编译可重复执行 tsc --noEmit 无错误" name="Sprint 25: paymentService/pay TypeScript 迁移 7. 编译可重复执行 tsc --noEmit 无错误" time="4.61">
    </testcase>
  </testsuite>
</testsuites>